[2021-05-17 17:57:16,970] {scheduler_job.py:182} INFO - Started process (PID=40) to work on /home/airflow/.local/lib/python3.6/site-packages/airflow/example_dags/example_branch_python_dop_operator_3.py
[2021-05-17 17:57:16,971] {scheduler_job.py:629} INFO - Processing file /home/airflow/.local/lib/python3.6/site-packages/airflow/example_dags/example_branch_python_dop_operator_3.py for tasks to queue
[2021-05-17 17:57:16,972] {logging_mixin.py:104} INFO - [2021-05-17 17:57:16,972] {dagbag.py:448} INFO - Filling up the DagBag from /home/airflow/.local/lib/python3.6/site-packages/airflow/example_dags/example_branch_python_dop_operator_3.py
[2021-05-17 17:57:16,987] {scheduler_job.py:639} INFO - DAG(s) dict_keys(['example_branch_dop_operator_v3']) retrieved from /home/airflow/.local/lib/python3.6/site-packages/airflow/example_dags/example_branch_python_dop_operator_3.py
[2021-05-17 17:57:17,003] {logging_mixin.py:104} INFO - [2021-05-17 17:57:17,003] {dag.py:1818} INFO - Sync 1 DAGs
[2021-05-17 17:57:17,009] {logging_mixin.py:104} INFO - [2021-05-17 17:57:17,009] {dag.py:1837} INFO - Creating ORM DAG for example_branch_dop_operator_v3
[2021-05-17 17:57:17,025] {logging_mixin.py:104} INFO - [2021-05-17 17:57:17,025] {dag.py:2273} INFO - Setting next_dagrun for example_branch_dop_operator_v3 to 2021-05-15 00:00:00+00:00
[2021-05-17 17:57:17,332] {scheduler_job.py:190} INFO - Processing /home/airflow/.local/lib/python3.6/site-packages/airflow/example_dags/example_branch_python_dop_operator_3.py took 0.366 seconds
[2021-05-17 17:57:47,632] {scheduler_job.py:182} INFO - Started process (PID=70) to work on /home/airflow/.local/lib/python3.6/site-packages/airflow/example_dags/example_branch_python_dop_operator_3.py
[2021-05-17 17:57:47,632] {scheduler_job.py:629} INFO - Processing file /home/airflow/.local/lib/python3.6/site-packages/airflow/example_dags/example_branch_python_dop_operator_3.py for tasks to queue
[2021-05-17 17:57:47,633] {logging_mixin.py:104} INFO - [2021-05-17 17:57:47,633] {dagbag.py:448} INFO - Filling up the DagBag from /home/airflow/.local/lib/python3.6/site-packages/airflow/example_dags/example_branch_python_dop_operator_3.py
[2021-05-17 17:57:47,643] {scheduler_job.py:639} INFO - DAG(s) dict_keys(['example_branch_dop_operator_v3']) retrieved from /home/airflow/.local/lib/python3.6/site-packages/airflow/example_dags/example_branch_python_dop_operator_3.py
[2021-05-17 17:57:47,658] {logging_mixin.py:104} INFO - [2021-05-17 17:57:47,658] {dag.py:1818} INFO - Sync 1 DAGs
[2021-05-17 17:57:47,683] {logging_mixin.py:104} INFO - [2021-05-17 17:57:47,683] {dag.py:2273} INFO - Setting next_dagrun for example_branch_dop_operator_v3 to 2021-05-15 00:00:00+00:00
[2021-05-17 17:57:47,717] {scheduler_job.py:190} INFO - Processing /home/airflow/.local/lib/python3.6/site-packages/airflow/example_dags/example_branch_python_dop_operator_3.py took 0.088 seconds
[2021-05-17 17:58:17,857] {scheduler_job.py:182} INFO - Started process (PID=102) to work on /home/airflow/.local/lib/python3.6/site-packages/airflow/example_dags/example_branch_python_dop_operator_3.py
[2021-05-17 17:58:17,858] {scheduler_job.py:629} INFO - Processing file /home/airflow/.local/lib/python3.6/site-packages/airflow/example_dags/example_branch_python_dop_operator_3.py for tasks to queue
[2021-05-17 17:58:17,858] {logging_mixin.py:104} INFO - [2021-05-17 17:58:17,858] {dagbag.py:448} INFO - Filling up the DagBag from /home/airflow/.local/lib/python3.6/site-packages/airflow/example_dags/example_branch_python_dop_operator_3.py
[2021-05-17 17:58:17,867] {scheduler_job.py:639} INFO - DAG(s) dict_keys(['example_branch_dop_operator_v3']) retrieved from /home/airflow/.local/lib/python3.6/site-packages/airflow/example_dags/example_branch_python_dop_operator_3.py
[2021-05-17 17:58:17,881] {logging_mixin.py:104} INFO - [2021-05-17 17:58:17,881] {dag.py:1818} INFO - Sync 1 DAGs
[2021-05-17 17:58:17,903] {logging_mixin.py:104} INFO - [2021-05-17 17:58:17,903] {dag.py:2273} INFO - Setting next_dagrun for example_branch_dop_operator_v3 to 2021-05-15 00:00:00+00:00
[2021-05-17 17:58:18,125] {scheduler_job.py:190} INFO - Processing /home/airflow/.local/lib/python3.6/site-packages/airflow/example_dags/example_branch_python_dop_operator_3.py took 0.270 seconds
[2021-05-17 17:58:48,325] {scheduler_job.py:182} INFO - Started process (PID=135) to work on /home/airflow/.local/lib/python3.6/site-packages/airflow/example_dags/example_branch_python_dop_operator_3.py
[2021-05-17 17:58:48,325] {scheduler_job.py:629} INFO - Processing file /home/airflow/.local/lib/python3.6/site-packages/airflow/example_dags/example_branch_python_dop_operator_3.py for tasks to queue
[2021-05-17 17:58:48,326] {logging_mixin.py:104} INFO - [2021-05-17 17:58:48,326] {dagbag.py:448} INFO - Filling up the DagBag from /home/airflow/.local/lib/python3.6/site-packages/airflow/example_dags/example_branch_python_dop_operator_3.py
[2021-05-17 17:58:48,338] {scheduler_job.py:639} INFO - DAG(s) dict_keys(['example_branch_dop_operator_v3']) retrieved from /home/airflow/.local/lib/python3.6/site-packages/airflow/example_dags/example_branch_python_dop_operator_3.py
[2021-05-17 17:58:48,353] {logging_mixin.py:104} INFO - [2021-05-17 17:58:48,353] {dag.py:1818} INFO - Sync 1 DAGs
[2021-05-17 17:58:48,377] {logging_mixin.py:104} INFO - [2021-05-17 17:58:48,377] {dag.py:2273} INFO - Setting next_dagrun for example_branch_dop_operator_v3 to 2021-05-15 00:00:00+00:00
[2021-05-17 17:58:48,853] {scheduler_job.py:190} INFO - Processing /home/airflow/.local/lib/python3.6/site-packages/airflow/example_dags/example_branch_python_dop_operator_3.py took 0.531 seconds
[2021-05-17 17:59:18,871] {scheduler_job.py:182} INFO - Started process (PID=167) to work on /home/airflow/.local/lib/python3.6/site-packages/airflow/example_dags/example_branch_python_dop_operator_3.py
[2021-05-17 17:59:18,872] {scheduler_job.py:629} INFO - Processing file /home/airflow/.local/lib/python3.6/site-packages/airflow/example_dags/example_branch_python_dop_operator_3.py for tasks to queue
[2021-05-17 17:59:18,872] {logging_mixin.py:104} INFO - [2021-05-17 17:59:18,872] {dagbag.py:448} INFO - Filling up the DagBag from /home/airflow/.local/lib/python3.6/site-packages/airflow/example_dags/example_branch_python_dop_operator_3.py
[2021-05-17 17:59:18,881] {scheduler_job.py:639} INFO - DAG(s) dict_keys(['example_branch_dop_operator_v3']) retrieved from /home/airflow/.local/lib/python3.6/site-packages/airflow/example_dags/example_branch_python_dop_operator_3.py
[2021-05-17 17:59:18,894] {logging_mixin.py:104} INFO - [2021-05-17 17:59:18,894] {dag.py:1818} INFO - Sync 1 DAGs
[2021-05-17 17:59:18,918] {logging_mixin.py:104} INFO - [2021-05-17 17:59:18,918] {dag.py:2273} INFO - Setting next_dagrun for example_branch_dop_operator_v3 to 2021-05-15 00:00:00+00:00
[2021-05-17 17:59:19,105] {scheduler_job.py:190} INFO - Processing /home/airflow/.local/lib/python3.6/site-packages/airflow/example_dags/example_branch_python_dop_operator_3.py took 0.236 seconds
[2021-05-17 17:59:49,544] {scheduler_job.py:182} INFO - Started process (PID=197) to work on /home/airflow/.local/lib/python3.6/site-packages/airflow/example_dags/example_branch_python_dop_operator_3.py
[2021-05-17 17:59:49,545] {scheduler_job.py:629} INFO - Processing file /home/airflow/.local/lib/python3.6/site-packages/airflow/example_dags/example_branch_python_dop_operator_3.py for tasks to queue
[2021-05-17 17:59:49,545] {logging_mixin.py:104} INFO - [2021-05-17 17:59:49,545] {dagbag.py:448} INFO - Filling up the DagBag from /home/airflow/.local/lib/python3.6/site-packages/airflow/example_dags/example_branch_python_dop_operator_3.py
[2021-05-17 17:59:49,557] {scheduler_job.py:639} INFO - DAG(s) dict_keys(['example_branch_dop_operator_v3']) retrieved from /home/airflow/.local/lib/python3.6/site-packages/airflow/example_dags/example_branch_python_dop_operator_3.py
[2021-05-17 17:59:49,573] {logging_mixin.py:104} INFO - [2021-05-17 17:59:49,573] {dag.py:1818} INFO - Sync 1 DAGs
[2021-05-17 17:59:49,596] {logging_mixin.py:104} INFO - [2021-05-17 17:59:49,596] {dag.py:2273} INFO - Setting next_dagrun for example_branch_dop_operator_v3 to 2021-05-15 00:00:00+00:00
[2021-05-17 17:59:49,773] {scheduler_job.py:190} INFO - Processing /home/airflow/.local/lib/python3.6/site-packages/airflow/example_dags/example_branch_python_dop_operator_3.py took 0.231 seconds
