[2021-05-17 17:57:18,648] {scheduler_job.py:182} INFO - Started process (PID=46) to work on /home/airflow/.local/lib/python3.6/site-packages/airflow/example_dags/example_xcom.py
[2021-05-17 17:57:18,650] {scheduler_job.py:629} INFO - Processing file /home/airflow/.local/lib/python3.6/site-packages/airflow/example_dags/example_xcom.py for tasks to queue
[2021-05-17 17:57:18,652] {logging_mixin.py:104} INFO - [2021-05-17 17:57:18,651] {dagbag.py:448} INFO - Filling up the DagBag from /home/airflow/.local/lib/python3.6/site-packages/airflow/example_dags/example_xcom.py
[2021-05-17 17:57:18,669] {scheduler_job.py:639} INFO - DAG(s) dict_keys(['example_xcom']) retrieved from /home/airflow/.local/lib/python3.6/site-packages/airflow/example_dags/example_xcom.py
[2021-05-17 17:57:18,688] {logging_mixin.py:104} INFO - [2021-05-17 17:57:18,688] {dag.py:1818} INFO - Sync 1 DAGs
[2021-05-17 17:57:18,698] {logging_mixin.py:104} INFO - [2021-05-17 17:57:18,698] {dag.py:1837} INFO - Creating ORM DAG for example_xcom
[2021-05-17 17:57:18,704] {logging_mixin.py:104} INFO - [2021-05-17 17:57:18,703] {dag.py:2273} INFO - Setting next_dagrun for example_xcom to 2021-05-15 00:00:00+00:00
[2021-05-17 17:57:19,169] {scheduler_job.py:190} INFO - Processing /home/airflow/.local/lib/python3.6/site-packages/airflow/example_dags/example_xcom.py took 0.530 seconds
[2021-05-17 17:57:50,072] {scheduler_job.py:182} INFO - Started process (PID=78) to work on /home/airflow/.local/lib/python3.6/site-packages/airflow/example_dags/example_xcom.py
[2021-05-17 17:57:50,073] {scheduler_job.py:629} INFO - Processing file /home/airflow/.local/lib/python3.6/site-packages/airflow/example_dags/example_xcom.py for tasks to queue
[2021-05-17 17:57:50,073] {logging_mixin.py:104} INFO - [2021-05-17 17:57:50,073] {dagbag.py:448} INFO - Filling up the DagBag from /home/airflow/.local/lib/python3.6/site-packages/airflow/example_dags/example_xcom.py
[2021-05-17 17:57:50,081] {scheduler_job.py:639} INFO - DAG(s) dict_keys(['example_xcom']) retrieved from /home/airflow/.local/lib/python3.6/site-packages/airflow/example_dags/example_xcom.py
[2021-05-17 17:57:50,094] {logging_mixin.py:104} INFO - [2021-05-17 17:57:50,094] {dag.py:1818} INFO - Sync 1 DAGs
[2021-05-17 17:57:50,104] {logging_mixin.py:104} INFO - [2021-05-17 17:57:50,103] {dag.py:2273} INFO - Setting next_dagrun for example_xcom to 2021-05-15 00:00:00+00:00
[2021-05-17 17:57:50,486] {scheduler_job.py:190} INFO - Processing /home/airflow/.local/lib/python3.6/site-packages/airflow/example_dags/example_xcom.py took 0.415 seconds
[2021-05-17 17:58:21,103] {scheduler_job.py:182} INFO - Started process (PID=110) to work on /home/airflow/.local/lib/python3.6/site-packages/airflow/example_dags/example_xcom.py
[2021-05-17 17:58:21,104] {scheduler_job.py:629} INFO - Processing file /home/airflow/.local/lib/python3.6/site-packages/airflow/example_dags/example_xcom.py for tasks to queue
[2021-05-17 17:58:21,104] {logging_mixin.py:104} INFO - [2021-05-17 17:58:21,104] {dagbag.py:448} INFO - Filling up the DagBag from /home/airflow/.local/lib/python3.6/site-packages/airflow/example_dags/example_xcom.py
[2021-05-17 17:58:21,112] {scheduler_job.py:639} INFO - DAG(s) dict_keys(['example_xcom']) retrieved from /home/airflow/.local/lib/python3.6/site-packages/airflow/example_dags/example_xcom.py
[2021-05-17 17:58:21,126] {logging_mixin.py:104} INFO - [2021-05-17 17:58:21,126] {dag.py:1818} INFO - Sync 1 DAGs
[2021-05-17 17:58:21,136] {logging_mixin.py:104} INFO - [2021-05-17 17:58:21,136] {dag.py:2273} INFO - Setting next_dagrun for example_xcom to 2021-05-15 00:00:00+00:00
[2021-05-17 17:58:21,357] {scheduler_job.py:190} INFO - Processing /home/airflow/.local/lib/python3.6/site-packages/airflow/example_dags/example_xcom.py took 0.255 seconds
[2021-05-17 17:58:51,669] {scheduler_job.py:182} INFO - Started process (PID=142) to work on /home/airflow/.local/lib/python3.6/site-packages/airflow/example_dags/example_xcom.py
[2021-05-17 17:58:51,670] {scheduler_job.py:629} INFO - Processing file /home/airflow/.local/lib/python3.6/site-packages/airflow/example_dags/example_xcom.py for tasks to queue
[2021-05-17 17:58:51,670] {logging_mixin.py:104} INFO - [2021-05-17 17:58:51,670] {dagbag.py:448} INFO - Filling up the DagBag from /home/airflow/.local/lib/python3.6/site-packages/airflow/example_dags/example_xcom.py
[2021-05-17 17:58:51,679] {scheduler_job.py:639} INFO - DAG(s) dict_keys(['example_xcom']) retrieved from /home/airflow/.local/lib/python3.6/site-packages/airflow/example_dags/example_xcom.py
[2021-05-17 17:58:51,695] {logging_mixin.py:104} INFO - [2021-05-17 17:58:51,694] {dag.py:1818} INFO - Sync 1 DAGs
[2021-05-17 17:58:51,708] {logging_mixin.py:104} INFO - [2021-05-17 17:58:51,708] {dag.py:2273} INFO - Setting next_dagrun for example_xcom to 2021-05-15 00:00:00+00:00
[2021-05-17 17:58:52,153] {scheduler_job.py:190} INFO - Processing /home/airflow/.local/lib/python3.6/site-packages/airflow/example_dags/example_xcom.py took 0.486 seconds
[2021-05-17 17:59:22,222] {scheduler_job.py:182} INFO - Started process (PID=174) to work on /home/airflow/.local/lib/python3.6/site-packages/airflow/example_dags/example_xcom.py
[2021-05-17 17:59:22,223] {scheduler_job.py:629} INFO - Processing file /home/airflow/.local/lib/python3.6/site-packages/airflow/example_dags/example_xcom.py for tasks to queue
[2021-05-17 17:59:22,223] {logging_mixin.py:104} INFO - [2021-05-17 17:59:22,223] {dagbag.py:448} INFO - Filling up the DagBag from /home/airflow/.local/lib/python3.6/site-packages/airflow/example_dags/example_xcom.py
[2021-05-17 17:59:22,233] {scheduler_job.py:639} INFO - DAG(s) dict_keys(['example_xcom']) retrieved from /home/airflow/.local/lib/python3.6/site-packages/airflow/example_dags/example_xcom.py
[2021-05-17 17:59:22,249] {logging_mixin.py:104} INFO - [2021-05-17 17:59:22,249] {dag.py:1818} INFO - Sync 1 DAGs
[2021-05-17 17:59:22,261] {logging_mixin.py:104} INFO - [2021-05-17 17:59:22,261] {dag.py:2273} INFO - Setting next_dagrun for example_xcom to 2021-05-15 00:00:00+00:00
[2021-05-17 17:59:22,281] {scheduler_job.py:190} INFO - Processing /home/airflow/.local/lib/python3.6/site-packages/airflow/example_dags/example_xcom.py took 0.062 seconds
[2021-05-17 17:59:52,560] {scheduler_job.py:182} INFO - Started process (PID=205) to work on /home/airflow/.local/lib/python3.6/site-packages/airflow/example_dags/example_xcom.py
[2021-05-17 17:59:52,561] {scheduler_job.py:629} INFO - Processing file /home/airflow/.local/lib/python3.6/site-packages/airflow/example_dags/example_xcom.py for tasks to queue
[2021-05-17 17:59:52,562] {logging_mixin.py:104} INFO - [2021-05-17 17:59:52,562] {dagbag.py:448} INFO - Filling up the DagBag from /home/airflow/.local/lib/python3.6/site-packages/airflow/example_dags/example_xcom.py
[2021-05-17 17:59:52,569] {scheduler_job.py:639} INFO - DAG(s) dict_keys(['example_xcom']) retrieved from /home/airflow/.local/lib/python3.6/site-packages/airflow/example_dags/example_xcom.py
[2021-05-17 17:59:52,582] {logging_mixin.py:104} INFO - [2021-05-17 17:59:52,582] {dag.py:1818} INFO - Sync 1 DAGs
[2021-05-17 17:59:52,591] {logging_mixin.py:104} INFO - [2021-05-17 17:59:52,591] {dag.py:2273} INFO - Setting next_dagrun for example_xcom to 2021-05-15 00:00:00+00:00
[2021-05-17 17:59:52,607] {scheduler_job.py:190} INFO - Processing /home/airflow/.local/lib/python3.6/site-packages/airflow/example_dags/example_xcom.py took 0.048 seconds
