[2021-05-17 17:57:22,301] {scheduler_job.py:182} INFO - Started process (PID=57) to work on /home/airflow/.local/lib/python3.6/site-packages/airflow/example_dags/example_external_task_marker_dag.py
[2021-05-17 17:57:22,302] {scheduler_job.py:629} INFO - Processing file /home/airflow/.local/lib/python3.6/site-packages/airflow/example_dags/example_external_task_marker_dag.py for tasks to queue
[2021-05-17 17:57:22,303] {logging_mixin.py:104} INFO - [2021-05-17 17:57:22,303] {dagbag.py:448} INFO - Filling up the DagBag from /home/airflow/.local/lib/python3.6/site-packages/airflow/example_dags/example_external_task_marker_dag.py
[2021-05-17 17:57:22,319] {scheduler_job.py:639} INFO - DAG(s) dict_keys(['example_external_task_marker_parent', 'example_external_task_marker_child']) retrieved from /home/airflow/.local/lib/python3.6/site-packages/airflow/example_dags/example_external_task_marker_dag.py
[2021-05-17 17:57:22,338] {logging_mixin.py:104} INFO - [2021-05-17 17:57:22,338] {dag.py:1818} INFO - Sync 2 DAGs
[2021-05-17 17:57:22,344] {logging_mixin.py:104} INFO - [2021-05-17 17:57:22,344] {dag.py:1837} INFO - Creating ORM DAG for example_external_task_marker_parent
[2021-05-17 17:57:22,345] {logging_mixin.py:104} INFO - [2021-05-17 17:57:22,344] {dag.py:1837} INFO - Creating ORM DAG for example_external_task_marker_child
[2021-05-17 17:57:22,348] {logging_mixin.py:104} INFO - [2021-05-17 17:57:22,348] {dag.py:2273} INFO - Setting next_dagrun for example_external_task_marker_child to None
[2021-05-17 17:57:22,348] {logging_mixin.py:104} INFO - [2021-05-17 17:57:22,348] {dag.py:2273} INFO - Setting next_dagrun for example_external_task_marker_parent to None
[2021-05-17 17:57:22,602] {scheduler_job.py:190} INFO - Processing /home/airflow/.local/lib/python3.6/site-packages/airflow/example_dags/example_external_task_marker_dag.py took 0.308 seconds
[2021-05-17 17:57:52,631] {scheduler_job.py:182} INFO - Started process (PID=88) to work on /home/airflow/.local/lib/python3.6/site-packages/airflow/example_dags/example_external_task_marker_dag.py
[2021-05-17 17:57:52,634] {scheduler_job.py:629} INFO - Processing file /home/airflow/.local/lib/python3.6/site-packages/airflow/example_dags/example_external_task_marker_dag.py for tasks to queue
[2021-05-17 17:57:52,635] {logging_mixin.py:104} INFO - [2021-05-17 17:57:52,635] {dagbag.py:448} INFO - Filling up the DagBag from /home/airflow/.local/lib/python3.6/site-packages/airflow/example_dags/example_external_task_marker_dag.py
[2021-05-17 17:57:52,658] {scheduler_job.py:639} INFO - DAG(s) dict_keys(['example_external_task_marker_parent', 'example_external_task_marker_child']) retrieved from /home/airflow/.local/lib/python3.6/site-packages/airflow/example_dags/example_external_task_marker_dag.py
[2021-05-17 17:57:52,680] {logging_mixin.py:104} INFO - [2021-05-17 17:57:52,680] {dag.py:1818} INFO - Sync 2 DAGs
[2021-05-17 17:57:52,690] {logging_mixin.py:104} INFO - [2021-05-17 17:57:52,690] {dag.py:2273} INFO - Setting next_dagrun for example_external_task_marker_child to None
[2021-05-17 17:57:52,690] {logging_mixin.py:104} INFO - [2021-05-17 17:57:52,690] {dag.py:2273} INFO - Setting next_dagrun for example_external_task_marker_parent to None
[2021-05-17 17:57:52,832] {scheduler_job.py:190} INFO - Processing /home/airflow/.local/lib/python3.6/site-packages/airflow/example_dags/example_external_task_marker_dag.py took 0.208 seconds
[2021-05-17 17:58:23,287] {scheduler_job.py:182} INFO - Started process (PID=117) to work on /home/airflow/.local/lib/python3.6/site-packages/airflow/example_dags/example_external_task_marker_dag.py
[2021-05-17 17:58:23,288] {scheduler_job.py:629} INFO - Processing file /home/airflow/.local/lib/python3.6/site-packages/airflow/example_dags/example_external_task_marker_dag.py for tasks to queue
[2021-05-17 17:58:23,288] {logging_mixin.py:104} INFO - [2021-05-17 17:58:23,288] {dagbag.py:448} INFO - Filling up the DagBag from /home/airflow/.local/lib/python3.6/site-packages/airflow/example_dags/example_external_task_marker_dag.py
[2021-05-17 17:58:23,296] {scheduler_job.py:639} INFO - DAG(s) dict_keys(['example_external_task_marker_parent', 'example_external_task_marker_child']) retrieved from /home/airflow/.local/lib/python3.6/site-packages/airflow/example_dags/example_external_task_marker_dag.py
[2021-05-17 17:58:23,311] {logging_mixin.py:104} INFO - [2021-05-17 17:58:23,311] {dag.py:1818} INFO - Sync 2 DAGs
[2021-05-17 17:58:23,321] {logging_mixin.py:104} INFO - [2021-05-17 17:58:23,321] {dag.py:2273} INFO - Setting next_dagrun for example_external_task_marker_child to None
[2021-05-17 17:58:23,321] {logging_mixin.py:104} INFO - [2021-05-17 17:58:23,321] {dag.py:2273} INFO - Setting next_dagrun for example_external_task_marker_parent to None
[2021-05-17 17:58:23,564] {scheduler_job.py:190} INFO - Processing /home/airflow/.local/lib/python3.6/site-packages/airflow/example_dags/example_external_task_marker_dag.py took 0.279 seconds
[2021-05-17 17:58:53,797] {scheduler_job.py:182} INFO - Started process (PID=149) to work on /home/airflow/.local/lib/python3.6/site-packages/airflow/example_dags/example_external_task_marker_dag.py
[2021-05-17 17:58:53,798] {scheduler_job.py:629} INFO - Processing file /home/airflow/.local/lib/python3.6/site-packages/airflow/example_dags/example_external_task_marker_dag.py for tasks to queue
[2021-05-17 17:58:53,798] {logging_mixin.py:104} INFO - [2021-05-17 17:58:53,798] {dagbag.py:448} INFO - Filling up the DagBag from /home/airflow/.local/lib/python3.6/site-packages/airflow/example_dags/example_external_task_marker_dag.py
[2021-05-17 17:58:53,806] {scheduler_job.py:639} INFO - DAG(s) dict_keys(['example_external_task_marker_parent', 'example_external_task_marker_child']) retrieved from /home/airflow/.local/lib/python3.6/site-packages/airflow/example_dags/example_external_task_marker_dag.py
[2021-05-17 17:58:53,821] {logging_mixin.py:104} INFO - [2021-05-17 17:58:53,821] {dag.py:1818} INFO - Sync 2 DAGs
[2021-05-17 17:58:53,831] {logging_mixin.py:104} INFO - [2021-05-17 17:58:53,831] {dag.py:2273} INFO - Setting next_dagrun for example_external_task_marker_child to None
[2021-05-17 17:58:53,831] {logging_mixin.py:104} INFO - [2021-05-17 17:58:53,831] {dag.py:2273} INFO - Setting next_dagrun for example_external_task_marker_parent to None
[2021-05-17 17:58:54,332] {scheduler_job.py:190} INFO - Processing /home/airflow/.local/lib/python3.6/site-packages/airflow/example_dags/example_external_task_marker_dag.py took 0.537 seconds
[2021-05-17 17:59:24,534] {scheduler_job.py:182} INFO - Started process (PID=181) to work on /home/airflow/.local/lib/python3.6/site-packages/airflow/example_dags/example_external_task_marker_dag.py
[2021-05-17 17:59:24,535] {scheduler_job.py:629} INFO - Processing file /home/airflow/.local/lib/python3.6/site-packages/airflow/example_dags/example_external_task_marker_dag.py for tasks to queue
[2021-05-17 17:59:24,535] {logging_mixin.py:104} INFO - [2021-05-17 17:59:24,535] {dagbag.py:448} INFO - Filling up the DagBag from /home/airflow/.local/lib/python3.6/site-packages/airflow/example_dags/example_external_task_marker_dag.py
[2021-05-17 17:59:24,543] {scheduler_job.py:639} INFO - DAG(s) dict_keys(['example_external_task_marker_parent', 'example_external_task_marker_child']) retrieved from /home/airflow/.local/lib/python3.6/site-packages/airflow/example_dags/example_external_task_marker_dag.py
[2021-05-17 17:59:24,560] {logging_mixin.py:104} INFO - [2021-05-17 17:59:24,560] {dag.py:1818} INFO - Sync 2 DAGs
[2021-05-17 17:59:24,569] {logging_mixin.py:104} INFO - [2021-05-17 17:59:24,569] {dag.py:2273} INFO - Setting next_dagrun for example_external_task_marker_child to None
[2021-05-17 17:59:24,569] {logging_mixin.py:104} INFO - [2021-05-17 17:59:24,569] {dag.py:2273} INFO - Setting next_dagrun for example_external_task_marker_parent to None
[2021-05-17 17:59:24,842] {scheduler_job.py:190} INFO - Processing /home/airflow/.local/lib/python3.6/site-packages/airflow/example_dags/example_external_task_marker_dag.py took 0.309 seconds
[2021-05-17 17:59:55,359] {scheduler_job.py:182} INFO - Started process (PID=213) to work on /home/airflow/.local/lib/python3.6/site-packages/airflow/example_dags/example_external_task_marker_dag.py
[2021-05-17 17:59:55,360] {scheduler_job.py:629} INFO - Processing file /home/airflow/.local/lib/python3.6/site-packages/airflow/example_dags/example_external_task_marker_dag.py for tasks to queue
[2021-05-17 17:59:55,361] {logging_mixin.py:104} INFO - [2021-05-17 17:59:55,361] {dagbag.py:448} INFO - Filling up the DagBag from /home/airflow/.local/lib/python3.6/site-packages/airflow/example_dags/example_external_task_marker_dag.py
[2021-05-17 17:59:55,368] {scheduler_job.py:639} INFO - DAG(s) dict_keys(['example_external_task_marker_parent', 'example_external_task_marker_child']) retrieved from /home/airflow/.local/lib/python3.6/site-packages/airflow/example_dags/example_external_task_marker_dag.py
[2021-05-17 17:59:55,384] {logging_mixin.py:104} INFO - [2021-05-17 17:59:55,383] {dag.py:1818} INFO - Sync 2 DAGs
[2021-05-17 17:59:55,393] {logging_mixin.py:104} INFO - [2021-05-17 17:59:55,393] {dag.py:2273} INFO - Setting next_dagrun for example_external_task_marker_child to None
[2021-05-17 17:59:55,394] {logging_mixin.py:104} INFO - [2021-05-17 17:59:55,394] {dag.py:2273} INFO - Setting next_dagrun for example_external_task_marker_parent to None
[2021-05-17 17:59:55,861] {scheduler_job.py:190} INFO - Processing /home/airflow/.local/lib/python3.6/site-packages/airflow/example_dags/example_external_task_marker_dag.py took 0.503 seconds
