[2021-05-17 17:57:21,905] {scheduler_job.py:182} INFO - Started process (PID=56) to work on /home/airflow/.local/lib/python3.6/site-packages/airflow/example_dags/example_python_operator.py
[2021-05-17 17:57:21,908] {scheduler_job.py:629} INFO - Processing file /home/airflow/.local/lib/python3.6/site-packages/airflow/example_dags/example_python_operator.py for tasks to queue
[2021-05-17 17:57:21,909] {logging_mixin.py:104} INFO - [2021-05-17 17:57:21,909] {dagbag.py:448} INFO - Filling up the DagBag from /home/airflow/.local/lib/python3.6/site-packages/airflow/example_dags/example_python_operator.py
[2021-05-17 17:57:21,932] {scheduler_job.py:639} INFO - DAG(s) dict_keys(['example_python_operator']) retrieved from /home/airflow/.local/lib/python3.6/site-packages/airflow/example_dags/example_python_operator.py
[2021-05-17 17:57:21,951] {logging_mixin.py:104} INFO - [2021-05-17 17:57:21,951] {dag.py:1818} INFO - Sync 1 DAGs
[2021-05-17 17:57:21,958] {logging_mixin.py:104} INFO - [2021-05-17 17:57:21,958] {dag.py:1837} INFO - Creating ORM DAG for example_python_operator
[2021-05-17 17:57:21,962] {logging_mixin.py:104} INFO - [2021-05-17 17:57:21,962] {dag.py:2273} INFO - Setting next_dagrun for example_python_operator to None
[2021-05-17 17:57:22,270] {scheduler_job.py:190} INFO - Processing /home/airflow/.local/lib/python3.6/site-packages/airflow/example_dags/example_python_operator.py took 0.373 seconds
[2021-05-17 17:57:52,725] {scheduler_job.py:182} INFO - Started process (PID=89) to work on /home/airflow/.local/lib/python3.6/site-packages/airflow/example_dags/example_python_operator.py
[2021-05-17 17:57:52,725] {scheduler_job.py:629} INFO - Processing file /home/airflow/.local/lib/python3.6/site-packages/airflow/example_dags/example_python_operator.py for tasks to queue
[2021-05-17 17:57:52,726] {logging_mixin.py:104} INFO - [2021-05-17 17:57:52,726] {dagbag.py:448} INFO - Filling up the DagBag from /home/airflow/.local/lib/python3.6/site-packages/airflow/example_dags/example_python_operator.py
[2021-05-17 17:57:52,734] {scheduler_job.py:639} INFO - DAG(s) dict_keys(['example_python_operator']) retrieved from /home/airflow/.local/lib/python3.6/site-packages/airflow/example_dags/example_python_operator.py
[2021-05-17 17:57:52,747] {logging_mixin.py:104} INFO - [2021-05-17 17:57:52,747] {dag.py:1818} INFO - Sync 1 DAGs
[2021-05-17 17:57:52,756] {logging_mixin.py:104} INFO - [2021-05-17 17:57:52,756] {dag.py:2273} INFO - Setting next_dagrun for example_python_operator to None
[2021-05-17 17:57:52,956] {scheduler_job.py:190} INFO - Processing /home/airflow/.local/lib/python3.6/site-packages/airflow/example_dags/example_python_operator.py took 0.233 seconds
[2021-05-17 17:58:24,079] {scheduler_job.py:182} INFO - Started process (PID=123) to work on /home/airflow/.local/lib/python3.6/site-packages/airflow/example_dags/example_python_operator.py
[2021-05-17 17:58:24,080] {scheduler_job.py:629} INFO - Processing file /home/airflow/.local/lib/python3.6/site-packages/airflow/example_dags/example_python_operator.py for tasks to queue
[2021-05-17 17:58:24,080] {logging_mixin.py:104} INFO - [2021-05-17 17:58:24,080] {dagbag.py:448} INFO - Filling up the DagBag from /home/airflow/.local/lib/python3.6/site-packages/airflow/example_dags/example_python_operator.py
[2021-05-17 17:58:24,088] {scheduler_job.py:639} INFO - DAG(s) dict_keys(['example_python_operator']) retrieved from /home/airflow/.local/lib/python3.6/site-packages/airflow/example_dags/example_python_operator.py
[2021-05-17 17:58:24,101] {logging_mixin.py:104} INFO - [2021-05-17 17:58:24,101] {dag.py:1818} INFO - Sync 1 DAGs
[2021-05-17 17:58:24,111] {logging_mixin.py:104} INFO - [2021-05-17 17:58:24,111] {dag.py:2273} INFO - Setting next_dagrun for example_python_operator to None
[2021-05-17 17:58:24,310] {scheduler_job.py:190} INFO - Processing /home/airflow/.local/lib/python3.6/site-packages/airflow/example_dags/example_python_operator.py took 0.233 seconds
[2021-05-17 17:58:54,351] {scheduler_job.py:182} INFO - Started process (PID=152) to work on /home/airflow/.local/lib/python3.6/site-packages/airflow/example_dags/example_python_operator.py
[2021-05-17 17:58:54,351] {scheduler_job.py:629} INFO - Processing file /home/airflow/.local/lib/python3.6/site-packages/airflow/example_dags/example_python_operator.py for tasks to queue
[2021-05-17 17:58:54,352] {logging_mixin.py:104} INFO - [2021-05-17 17:58:54,352] {dagbag.py:448} INFO - Filling up the DagBag from /home/airflow/.local/lib/python3.6/site-packages/airflow/example_dags/example_python_operator.py
[2021-05-17 17:58:54,360] {scheduler_job.py:639} INFO - DAG(s) dict_keys(['example_python_operator']) retrieved from /home/airflow/.local/lib/python3.6/site-packages/airflow/example_dags/example_python_operator.py
[2021-05-17 17:58:54,373] {logging_mixin.py:104} INFO - [2021-05-17 17:58:54,373] {dag.py:1818} INFO - Sync 1 DAGs
[2021-05-17 17:58:54,382] {logging_mixin.py:104} INFO - [2021-05-17 17:58:54,382] {dag.py:2273} INFO - Setting next_dagrun for example_python_operator to None
[2021-05-17 17:58:54,628] {scheduler_job.py:190} INFO - Processing /home/airflow/.local/lib/python3.6/site-packages/airflow/example_dags/example_python_operator.py took 0.279 seconds
[2021-05-17 17:59:24,873] {scheduler_job.py:182} INFO - Started process (PID=184) to work on /home/airflow/.local/lib/python3.6/site-packages/airflow/example_dags/example_python_operator.py
[2021-05-17 17:59:24,875] {scheduler_job.py:629} INFO - Processing file /home/airflow/.local/lib/python3.6/site-packages/airflow/example_dags/example_python_operator.py for tasks to queue
[2021-05-17 17:59:24,876] {logging_mixin.py:104} INFO - [2021-05-17 17:59:24,876] {dagbag.py:448} INFO - Filling up the DagBag from /home/airflow/.local/lib/python3.6/site-packages/airflow/example_dags/example_python_operator.py
[2021-05-17 17:59:24,891] {scheduler_job.py:639} INFO - DAG(s) dict_keys(['example_python_operator']) retrieved from /home/airflow/.local/lib/python3.6/site-packages/airflow/example_dags/example_python_operator.py
[2021-05-17 17:59:24,906] {logging_mixin.py:104} INFO - [2021-05-17 17:59:24,906] {dag.py:1818} INFO - Sync 1 DAGs
[2021-05-17 17:59:24,916] {logging_mixin.py:104} INFO - [2021-05-17 17:59:24,916] {dag.py:2273} INFO - Setting next_dagrun for example_python_operator to None
[2021-05-17 17:59:24,944] {scheduler_job.py:190} INFO - Processing /home/airflow/.local/lib/python3.6/site-packages/airflow/example_dags/example_python_operator.py took 0.078 seconds
[2021-05-17 17:59:56,204] {scheduler_job.py:182} INFO - Started process (PID=218) to work on /home/airflow/.local/lib/python3.6/site-packages/airflow/example_dags/example_python_operator.py
[2021-05-17 17:59:56,205] {scheduler_job.py:629} INFO - Processing file /home/airflow/.local/lib/python3.6/site-packages/airflow/example_dags/example_python_operator.py for tasks to queue
[2021-05-17 17:59:56,206] {logging_mixin.py:104} INFO - [2021-05-17 17:59:56,206] {dagbag.py:448} INFO - Filling up the DagBag from /home/airflow/.local/lib/python3.6/site-packages/airflow/example_dags/example_python_operator.py
[2021-05-17 17:59:56,214] {scheduler_job.py:639} INFO - DAG(s) dict_keys(['example_python_operator']) retrieved from /home/airflow/.local/lib/python3.6/site-packages/airflow/example_dags/example_python_operator.py
[2021-05-17 17:59:56,230] {logging_mixin.py:104} INFO - [2021-05-17 17:59:56,230] {dag.py:1818} INFO - Sync 1 DAGs
[2021-05-17 17:59:56,240] {logging_mixin.py:104} INFO - [2021-05-17 17:59:56,240] {dag.py:2273} INFO - Setting next_dagrun for example_python_operator to None
[2021-05-17 17:59:56,323] {scheduler_job.py:190} INFO - Processing /home/airflow/.local/lib/python3.6/site-packages/airflow/example_dags/example_python_operator.py took 0.121 seconds
