[2021-05-17 17:57:21,560] {scheduler_job.py:182} INFO - Started process (PID=54) to work on /home/airflow/.local/lib/python3.6/site-packages/airflow/example_dags/example_latest_only_with_trigger.py
[2021-05-17 17:57:21,563] {scheduler_job.py:629} INFO - Processing file /home/airflow/.local/lib/python3.6/site-packages/airflow/example_dags/example_latest_only_with_trigger.py for tasks to queue
[2021-05-17 17:57:21,564] {logging_mixin.py:104} INFO - [2021-05-17 17:57:21,564] {dagbag.py:448} INFO - Filling up the DagBag from /home/airflow/.local/lib/python3.6/site-packages/airflow/example_dags/example_latest_only_with_trigger.py
[2021-05-17 17:57:21,585] {scheduler_job.py:639} INFO - DAG(s) dict_keys(['latest_only_with_trigger']) retrieved from /home/airflow/.local/lib/python3.6/site-packages/airflow/example_dags/example_latest_only_with_trigger.py
[2021-05-17 17:57:21,606] {logging_mixin.py:104} INFO - [2021-05-17 17:57:21,605] {dag.py:1818} INFO - Sync 1 DAGs
[2021-05-17 17:57:21,612] {logging_mixin.py:104} INFO - [2021-05-17 17:57:21,612] {dag.py:1837} INFO - Creating ORM DAG for latest_only_with_trigger
[2021-05-17 17:57:21,616] {logging_mixin.py:104} INFO - [2021-05-17 17:57:21,615] {dag.py:2273} INFO - Setting next_dagrun for latest_only_with_trigger to 2021-05-15 00:00:00+00:00
[2021-05-17 17:57:21,768] {scheduler_job.py:190} INFO - Processing /home/airflow/.local/lib/python3.6/site-packages/airflow/example_dags/example_latest_only_with_trigger.py took 0.215 seconds
[2021-05-17 17:57:52,111] {scheduler_job.py:182} INFO - Started process (PID=86) to work on /home/airflow/.local/lib/python3.6/site-packages/airflow/example_dags/example_latest_only_with_trigger.py
[2021-05-17 17:57:52,112] {scheduler_job.py:629} INFO - Processing file /home/airflow/.local/lib/python3.6/site-packages/airflow/example_dags/example_latest_only_with_trigger.py for tasks to queue
[2021-05-17 17:57:52,113] {logging_mixin.py:104} INFO - [2021-05-17 17:57:52,112] {dagbag.py:448} INFO - Filling up the DagBag from /home/airflow/.local/lib/python3.6/site-packages/airflow/example_dags/example_latest_only_with_trigger.py
[2021-05-17 17:57:52,120] {scheduler_job.py:639} INFO - DAG(s) dict_keys(['latest_only_with_trigger']) retrieved from /home/airflow/.local/lib/python3.6/site-packages/airflow/example_dags/example_latest_only_with_trigger.py
[2021-05-17 17:57:52,136] {logging_mixin.py:104} INFO - [2021-05-17 17:57:52,135] {dag.py:1818} INFO - Sync 1 DAGs
[2021-05-17 17:57:52,147] {logging_mixin.py:104} INFO - [2021-05-17 17:57:52,147] {dag.py:2273} INFO - Setting next_dagrun for latest_only_with_trigger to 2021-05-15 00:00:00+00:00
[2021-05-17 17:57:52,492] {scheduler_job.py:190} INFO - Processing /home/airflow/.local/lib/python3.6/site-packages/airflow/example_dags/example_latest_only_with_trigger.py took 0.383 seconds
[2021-05-17 17:58:23,578] {scheduler_job.py:182} INFO - Started process (PID=120) to work on /home/airflow/.local/lib/python3.6/site-packages/airflow/example_dags/example_latest_only_with_trigger.py
[2021-05-17 17:58:23,580] {scheduler_job.py:629} INFO - Processing file /home/airflow/.local/lib/python3.6/site-packages/airflow/example_dags/example_latest_only_with_trigger.py for tasks to queue
[2021-05-17 17:58:23,580] {logging_mixin.py:104} INFO - [2021-05-17 17:58:23,580] {dagbag.py:448} INFO - Filling up the DagBag from /home/airflow/.local/lib/python3.6/site-packages/airflow/example_dags/example_latest_only_with_trigger.py
[2021-05-17 17:58:23,594] {scheduler_job.py:639} INFO - DAG(s) dict_keys(['latest_only_with_trigger']) retrieved from /home/airflow/.local/lib/python3.6/site-packages/airflow/example_dags/example_latest_only_with_trigger.py
[2021-05-17 17:58:23,615] {logging_mixin.py:104} INFO - [2021-05-17 17:58:23,615] {dag.py:1818} INFO - Sync 1 DAGs
[2021-05-17 17:58:23,626] {logging_mixin.py:104} INFO - [2021-05-17 17:58:23,626] {dag.py:2273} INFO - Setting next_dagrun for latest_only_with_trigger to 2021-05-15 00:00:00+00:00
[2021-05-17 17:58:23,826] {scheduler_job.py:190} INFO - Processing /home/airflow/.local/lib/python3.6/site-packages/airflow/example_dags/example_latest_only_with_trigger.py took 0.252 seconds
[2021-05-17 17:58:54,536] {scheduler_job.py:182} INFO - Started process (PID=153) to work on /home/airflow/.local/lib/python3.6/site-packages/airflow/example_dags/example_latest_only_with_trigger.py
[2021-05-17 17:58:54,538] {scheduler_job.py:629} INFO - Processing file /home/airflow/.local/lib/python3.6/site-packages/airflow/example_dags/example_latest_only_with_trigger.py for tasks to queue
[2021-05-17 17:58:54,540] {logging_mixin.py:104} INFO - [2021-05-17 17:58:54,539] {dagbag.py:448} INFO - Filling up the DagBag from /home/airflow/.local/lib/python3.6/site-packages/airflow/example_dags/example_latest_only_with_trigger.py
[2021-05-17 17:58:54,557] {scheduler_job.py:639} INFO - DAG(s) dict_keys(['latest_only_with_trigger']) retrieved from /home/airflow/.local/lib/python3.6/site-packages/airflow/example_dags/example_latest_only_with_trigger.py
[2021-05-17 17:58:54,574] {logging_mixin.py:104} INFO - [2021-05-17 17:58:54,574] {dag.py:1818} INFO - Sync 1 DAGs
[2021-05-17 17:58:54,583] {logging_mixin.py:104} INFO - [2021-05-17 17:58:54,583] {dag.py:2273} INFO - Setting next_dagrun for latest_only_with_trigger to 2021-05-15 00:00:00+00:00
[2021-05-17 17:58:54,760] {scheduler_job.py:190} INFO - Processing /home/airflow/.local/lib/python3.6/site-packages/airflow/example_dags/example_latest_only_with_trigger.py took 0.231 seconds
[2021-05-17 17:59:24,940] {scheduler_job.py:182} INFO - Started process (PID=185) to work on /home/airflow/.local/lib/python3.6/site-packages/airflow/example_dags/example_latest_only_with_trigger.py
[2021-05-17 17:59:24,941] {scheduler_job.py:629} INFO - Processing file /home/airflow/.local/lib/python3.6/site-packages/airflow/example_dags/example_latest_only_with_trigger.py for tasks to queue
[2021-05-17 17:59:24,941] {logging_mixin.py:104} INFO - [2021-05-17 17:59:24,941] {dagbag.py:448} INFO - Filling up the DagBag from /home/airflow/.local/lib/python3.6/site-packages/airflow/example_dags/example_latest_only_with_trigger.py
[2021-05-17 17:59:24,948] {scheduler_job.py:639} INFO - DAG(s) dict_keys(['latest_only_with_trigger']) retrieved from /home/airflow/.local/lib/python3.6/site-packages/airflow/example_dags/example_latest_only_with_trigger.py
[2021-05-17 17:59:24,962] {logging_mixin.py:104} INFO - [2021-05-17 17:59:24,961] {dag.py:1818} INFO - Sync 1 DAGs
[2021-05-17 17:59:24,971] {logging_mixin.py:104} INFO - [2021-05-17 17:59:24,971] {dag.py:2273} INFO - Setting next_dagrun for latest_only_with_trigger to 2021-05-15 00:00:00+00:00
[2021-05-17 17:59:25,045] {scheduler_job.py:190} INFO - Processing /home/airflow/.local/lib/python3.6/site-packages/airflow/example_dags/example_latest_only_with_trigger.py took 0.106 seconds
[2021-05-17 17:59:55,895] {scheduler_job.py:182} INFO - Started process (PID=216) to work on /home/airflow/.local/lib/python3.6/site-packages/airflow/example_dags/example_latest_only_with_trigger.py
[2021-05-17 17:59:55,896] {scheduler_job.py:629} INFO - Processing file /home/airflow/.local/lib/python3.6/site-packages/airflow/example_dags/example_latest_only_with_trigger.py for tasks to queue
[2021-05-17 17:59:55,896] {logging_mixin.py:104} INFO - [2021-05-17 17:59:55,896] {dagbag.py:448} INFO - Filling up the DagBag from /home/airflow/.local/lib/python3.6/site-packages/airflow/example_dags/example_latest_only_with_trigger.py
[2021-05-17 17:59:55,902] {scheduler_job.py:639} INFO - DAG(s) dict_keys(['latest_only_with_trigger']) retrieved from /home/airflow/.local/lib/python3.6/site-packages/airflow/example_dags/example_latest_only_with_trigger.py
[2021-05-17 17:59:55,916] {logging_mixin.py:104} INFO - [2021-05-17 17:59:55,916] {dag.py:1818} INFO - Sync 1 DAGs
[2021-05-17 17:59:55,926] {logging_mixin.py:104} INFO - [2021-05-17 17:59:55,926] {dag.py:2273} INFO - Setting next_dagrun for latest_only_with_trigger to 2021-05-15 00:00:00+00:00
[2021-05-17 17:59:56,196] {scheduler_job.py:190} INFO - Processing /home/airflow/.local/lib/python3.6/site-packages/airflow/example_dags/example_latest_only_with_trigger.py took 0.303 seconds
