[2021-05-17 17:57:15,906] {scheduler_job.py:182} INFO - Started process (PID=34) to work on /home/airflow/.local/lib/python3.6/site-packages/airflow/example_dags/example_xcomargs.py
[2021-05-17 17:57:15,907] {scheduler_job.py:629} INFO - Processing file /home/airflow/.local/lib/python3.6/site-packages/airflow/example_dags/example_xcomargs.py for tasks to queue
[2021-05-17 17:57:15,908] {logging_mixin.py:104} INFO - [2021-05-17 17:57:15,908] {dagbag.py:448} INFO - Filling up the DagBag from /home/airflow/.local/lib/python3.6/site-packages/airflow/example_dags/example_xcomargs.py
[2021-05-17 17:57:15,918] {scheduler_job.py:639} INFO - DAG(s) dict_keys(['example_xcom_args', 'example_xcom_args_with_operators']) retrieved from /home/airflow/.local/lib/python3.6/site-packages/airflow/example_dags/example_xcomargs.py
[2021-05-17 17:57:15,936] {logging_mixin.py:104} INFO - [2021-05-17 17:57:15,936] {dag.py:1818} INFO - Sync 2 DAGs
[2021-05-17 17:57:15,944] {logging_mixin.py:104} INFO - [2021-05-17 17:57:15,943] {dag.py:1837} INFO - Creating ORM DAG for example_xcom_args
[2021-05-17 17:57:15,944] {logging_mixin.py:104} INFO - [2021-05-17 17:57:15,944] {dag.py:1837} INFO - Creating ORM DAG for example_xcom_args_with_operators
[2021-05-17 17:57:15,947] {logging_mixin.py:104} INFO - [2021-05-17 17:57:15,947] {dag.py:2273} INFO - Setting next_dagrun for example_xcom_args to None
[2021-05-17 17:57:15,948] {logging_mixin.py:104} INFO - [2021-05-17 17:57:15,948] {dag.py:2273} INFO - Setting next_dagrun for example_xcom_args_with_operators to None
[2021-05-17 17:57:16,146] {scheduler_job.py:190} INFO - Processing /home/airflow/.local/lib/python3.6/site-packages/airflow/example_dags/example_xcomargs.py took 0.241 seconds
[2021-05-17 17:57:46,255] {scheduler_job.py:182} INFO - Started process (PID=65) to work on /home/airflow/.local/lib/python3.6/site-packages/airflow/example_dags/example_xcomargs.py
[2021-05-17 17:57:46,256] {scheduler_job.py:629} INFO - Processing file /home/airflow/.local/lib/python3.6/site-packages/airflow/example_dags/example_xcomargs.py for tasks to queue
[2021-05-17 17:57:46,256] {logging_mixin.py:104} INFO - [2021-05-17 17:57:46,256] {dagbag.py:448} INFO - Filling up the DagBag from /home/airflow/.local/lib/python3.6/site-packages/airflow/example_dags/example_xcomargs.py
[2021-05-17 17:57:46,266] {scheduler_job.py:639} INFO - DAG(s) dict_keys(['example_xcom_args', 'example_xcom_args_with_operators']) retrieved from /home/airflow/.local/lib/python3.6/site-packages/airflow/example_dags/example_xcomargs.py
[2021-05-17 17:57:46,285] {logging_mixin.py:104} INFO - [2021-05-17 17:57:46,285] {dag.py:1818} INFO - Sync 2 DAGs
[2021-05-17 17:57:46,294] {logging_mixin.py:104} INFO - [2021-05-17 17:57:46,294] {dag.py:2273} INFO - Setting next_dagrun for example_xcom_args to None
[2021-05-17 17:57:46,295] {logging_mixin.py:104} INFO - [2021-05-17 17:57:46,294] {dag.py:2273} INFO - Setting next_dagrun for example_xcom_args_with_operators to None
[2021-05-17 17:57:46,329] {scheduler_job.py:190} INFO - Processing /home/airflow/.local/lib/python3.6/site-packages/airflow/example_dags/example_xcomargs.py took 0.076 seconds
[2021-05-17 17:58:16,590] {scheduler_job.py:182} INFO - Started process (PID=97) to work on /home/airflow/.local/lib/python3.6/site-packages/airflow/example_dags/example_xcomargs.py
[2021-05-17 17:58:16,591] {scheduler_job.py:629} INFO - Processing file /home/airflow/.local/lib/python3.6/site-packages/airflow/example_dags/example_xcomargs.py for tasks to queue
[2021-05-17 17:58:16,591] {logging_mixin.py:104} INFO - [2021-05-17 17:58:16,591] {dagbag.py:448} INFO - Filling up the DagBag from /home/airflow/.local/lib/python3.6/site-packages/airflow/example_dags/example_xcomargs.py
[2021-05-17 17:58:16,600] {scheduler_job.py:639} INFO - DAG(s) dict_keys(['example_xcom_args', 'example_xcom_args_with_operators']) retrieved from /home/airflow/.local/lib/python3.6/site-packages/airflow/example_dags/example_xcomargs.py
[2021-05-17 17:58:16,617] {logging_mixin.py:104} INFO - [2021-05-17 17:58:16,617] {dag.py:1818} INFO - Sync 2 DAGs
[2021-05-17 17:58:16,626] {logging_mixin.py:104} INFO - [2021-05-17 17:58:16,626] {dag.py:2273} INFO - Setting next_dagrun for example_xcom_args to None
[2021-05-17 17:58:16,627] {logging_mixin.py:104} INFO - [2021-05-17 17:58:16,626] {dag.py:2273} INFO - Setting next_dagrun for example_xcom_args_with_operators to None
[2021-05-17 17:58:17,027] {scheduler_job.py:190} INFO - Processing /home/airflow/.local/lib/python3.6/site-packages/airflow/example_dags/example_xcomargs.py took 0.439 seconds
[2021-05-17 17:58:47,329] {scheduler_job.py:182} INFO - Started process (PID=129) to work on /home/airflow/.local/lib/python3.6/site-packages/airflow/example_dags/example_xcomargs.py
[2021-05-17 17:58:47,331] {scheduler_job.py:629} INFO - Processing file /home/airflow/.local/lib/python3.6/site-packages/airflow/example_dags/example_xcomargs.py for tasks to queue
[2021-05-17 17:58:47,333] {logging_mixin.py:104} INFO - [2021-05-17 17:58:47,333] {dagbag.py:448} INFO - Filling up the DagBag from /home/airflow/.local/lib/python3.6/site-packages/airflow/example_dags/example_xcomargs.py
[2021-05-17 17:58:47,352] {scheduler_job.py:639} INFO - DAG(s) dict_keys(['example_xcom_args', 'example_xcom_args_with_operators']) retrieved from /home/airflow/.local/lib/python3.6/site-packages/airflow/example_dags/example_xcomargs.py
[2021-05-17 17:58:47,371] {logging_mixin.py:104} INFO - [2021-05-17 17:58:47,371] {dag.py:1818} INFO - Sync 2 DAGs
[2021-05-17 17:58:47,381] {logging_mixin.py:104} INFO - [2021-05-17 17:58:47,381] {dag.py:2273} INFO - Setting next_dagrun for example_xcom_args to None
[2021-05-17 17:58:47,381] {logging_mixin.py:104} INFO - [2021-05-17 17:58:47,381] {dag.py:2273} INFO - Setting next_dagrun for example_xcom_args_with_operators to None
[2021-05-17 17:58:47,558] {scheduler_job.py:190} INFO - Processing /home/airflow/.local/lib/python3.6/site-packages/airflow/example_dags/example_xcomargs.py took 0.237 seconds
[2021-05-17 17:59:18,146] {scheduler_job.py:182} INFO - Started process (PID=161) to work on /home/airflow/.local/lib/python3.6/site-packages/airflow/example_dags/example_xcomargs.py
[2021-05-17 17:59:18,147] {scheduler_job.py:629} INFO - Processing file /home/airflow/.local/lib/python3.6/site-packages/airflow/example_dags/example_xcomargs.py for tasks to queue
[2021-05-17 17:59:18,147] {logging_mixin.py:104} INFO - [2021-05-17 17:59:18,147] {dagbag.py:448} INFO - Filling up the DagBag from /home/airflow/.local/lib/python3.6/site-packages/airflow/example_dags/example_xcomargs.py
[2021-05-17 17:59:18,156] {scheduler_job.py:639} INFO - DAG(s) dict_keys(['example_xcom_args', 'example_xcom_args_with_operators']) retrieved from /home/airflow/.local/lib/python3.6/site-packages/airflow/example_dags/example_xcomargs.py
[2021-05-17 17:59:18,173] {logging_mixin.py:104} INFO - [2021-05-17 17:59:18,173] {dag.py:1818} INFO - Sync 2 DAGs
[2021-05-17 17:59:18,182] {logging_mixin.py:104} INFO - [2021-05-17 17:59:18,182] {dag.py:2273} INFO - Setting next_dagrun for example_xcom_args to None
[2021-05-17 17:59:18,183] {logging_mixin.py:104} INFO - [2021-05-17 17:59:18,183] {dag.py:2273} INFO - Setting next_dagrun for example_xcom_args_with_operators to None
[2021-05-17 17:59:18,342] {scheduler_job.py:190} INFO - Processing /home/airflow/.local/lib/python3.6/site-packages/airflow/example_dags/example_xcomargs.py took 0.197 seconds
[2021-05-17 17:59:49,238] {scheduler_job.py:182} INFO - Started process (PID=194) to work on /home/airflow/.local/lib/python3.6/site-packages/airflow/example_dags/example_xcomargs.py
[2021-05-17 17:59:49,239] {scheduler_job.py:629} INFO - Processing file /home/airflow/.local/lib/python3.6/site-packages/airflow/example_dags/example_xcomargs.py for tasks to queue
[2021-05-17 17:59:49,239] {logging_mixin.py:104} INFO - [2021-05-17 17:59:49,239] {dagbag.py:448} INFO - Filling up the DagBag from /home/airflow/.local/lib/python3.6/site-packages/airflow/example_dags/example_xcomargs.py
[2021-05-17 17:59:49,249] {scheduler_job.py:639} INFO - DAG(s) dict_keys(['example_xcom_args', 'example_xcom_args_with_operators']) retrieved from /home/airflow/.local/lib/python3.6/site-packages/airflow/example_dags/example_xcomargs.py
[2021-05-17 17:59:49,266] {logging_mixin.py:104} INFO - [2021-05-17 17:59:49,266] {dag.py:1818} INFO - Sync 2 DAGs
[2021-05-17 17:59:49,276] {logging_mixin.py:104} INFO - [2021-05-17 17:59:49,276] {dag.py:2273} INFO - Setting next_dagrun for example_xcom_args to None
[2021-05-17 17:59:49,276] {logging_mixin.py:104} INFO - [2021-05-17 17:59:49,276] {dag.py:2273} INFO - Setting next_dagrun for example_xcom_args_with_operators to None
[2021-05-17 17:59:49,533] {scheduler_job.py:190} INFO - Processing /home/airflow/.local/lib/python3.6/site-packages/airflow/example_dags/example_xcomargs.py took 0.298 seconds
