[2021-05-17 17:57:19,670] {scheduler_job.py:182} INFO - Started process (PID=49) to work on /home/airflow/.local/lib/python3.6/site-packages/airflow/example_dags/example_latest_only.py
[2021-05-17 17:57:19,672] {scheduler_job.py:629} INFO - Processing file /home/airflow/.local/lib/python3.6/site-packages/airflow/example_dags/example_latest_only.py for tasks to queue
[2021-05-17 17:57:19,674] {logging_mixin.py:104} INFO - [2021-05-17 17:57:19,673] {dagbag.py:448} INFO - Filling up the DagBag from /home/airflow/.local/lib/python3.6/site-packages/airflow/example_dags/example_latest_only.py
[2021-05-17 17:57:19,694] {scheduler_job.py:639} INFO - DAG(s) dict_keys(['latest_only']) retrieved from /home/airflow/.local/lib/python3.6/site-packages/airflow/example_dags/example_latest_only.py
[2021-05-17 17:57:19,716] {logging_mixin.py:104} INFO - [2021-05-17 17:57:19,715] {dag.py:1818} INFO - Sync 1 DAGs
[2021-05-17 17:57:19,723] {logging_mixin.py:104} INFO - [2021-05-17 17:57:19,722] {dag.py:1837} INFO - Creating ORM DAG for latest_only
[2021-05-17 17:57:19,726] {logging_mixin.py:104} INFO - [2021-05-17 17:57:19,726] {dag.py:2273} INFO - Setting next_dagrun for latest_only to 2021-05-15 00:00:00+00:00
[2021-05-17 17:57:20,223] {scheduler_job.py:190} INFO - Processing /home/airflow/.local/lib/python3.6/site-packages/airflow/example_dags/example_latest_only.py took 0.560 seconds
[2021-05-17 17:57:50,782] {scheduler_job.py:182} INFO - Started process (PID=81) to work on /home/airflow/.local/lib/python3.6/site-packages/airflow/example_dags/example_latest_only.py
[2021-05-17 17:57:50,782] {scheduler_job.py:629} INFO - Processing file /home/airflow/.local/lib/python3.6/site-packages/airflow/example_dags/example_latest_only.py for tasks to queue
[2021-05-17 17:57:50,783] {logging_mixin.py:104} INFO - [2021-05-17 17:57:50,783] {dagbag.py:448} INFO - Filling up the DagBag from /home/airflow/.local/lib/python3.6/site-packages/airflow/example_dags/example_latest_only.py
[2021-05-17 17:57:50,789] {scheduler_job.py:639} INFO - DAG(s) dict_keys(['latest_only']) retrieved from /home/airflow/.local/lib/python3.6/site-packages/airflow/example_dags/example_latest_only.py
[2021-05-17 17:57:50,803] {logging_mixin.py:104} INFO - [2021-05-17 17:57:50,803] {dag.py:1818} INFO - Sync 1 DAGs
[2021-05-17 17:57:50,813] {logging_mixin.py:104} INFO - [2021-05-17 17:57:50,813] {dag.py:2273} INFO - Setting next_dagrun for latest_only to 2021-05-15 00:00:00+00:00
[2021-05-17 17:57:51,597] {scheduler_job.py:190} INFO - Processing /home/airflow/.local/lib/python3.6/site-packages/airflow/example_dags/example_latest_only.py took 0.817 seconds
[2021-05-17 17:58:21,739] {scheduler_job.py:182} INFO - Started process (PID=113) to work on /home/airflow/.local/lib/python3.6/site-packages/airflow/example_dags/example_latest_only.py
[2021-05-17 17:58:21,739] {scheduler_job.py:629} INFO - Processing file /home/airflow/.local/lib/python3.6/site-packages/airflow/example_dags/example_latest_only.py for tasks to queue
[2021-05-17 17:58:21,740] {logging_mixin.py:104} INFO - [2021-05-17 17:58:21,740] {dagbag.py:448} INFO - Filling up the DagBag from /home/airflow/.local/lib/python3.6/site-packages/airflow/example_dags/example_latest_only.py
[2021-05-17 17:58:21,746] {scheduler_job.py:639} INFO - DAG(s) dict_keys(['latest_only']) retrieved from /home/airflow/.local/lib/python3.6/site-packages/airflow/example_dags/example_latest_only.py
[2021-05-17 17:58:21,759] {logging_mixin.py:104} INFO - [2021-05-17 17:58:21,759] {dag.py:1818} INFO - Sync 1 DAGs
[2021-05-17 17:58:21,768] {logging_mixin.py:104} INFO - [2021-05-17 17:58:21,768] {dag.py:2273} INFO - Setting next_dagrun for latest_only to 2021-05-15 00:00:00+00:00
[2021-05-17 17:58:21,991] {scheduler_job.py:190} INFO - Processing /home/airflow/.local/lib/python3.6/site-packages/airflow/example_dags/example_latest_only.py took 0.255 seconds
[2021-05-17 17:58:52,303] {scheduler_job.py:182} INFO - Started process (PID=145) to work on /home/airflow/.local/lib/python3.6/site-packages/airflow/example_dags/example_latest_only.py
[2021-05-17 17:58:52,304] {scheduler_job.py:629} INFO - Processing file /home/airflow/.local/lib/python3.6/site-packages/airflow/example_dags/example_latest_only.py for tasks to queue
[2021-05-17 17:58:52,304] {logging_mixin.py:104} INFO - [2021-05-17 17:58:52,304] {dagbag.py:448} INFO - Filling up the DagBag from /home/airflow/.local/lib/python3.6/site-packages/airflow/example_dags/example_latest_only.py
[2021-05-17 17:58:52,311] {scheduler_job.py:639} INFO - DAG(s) dict_keys(['latest_only']) retrieved from /home/airflow/.local/lib/python3.6/site-packages/airflow/example_dags/example_latest_only.py
[2021-05-17 17:58:52,326] {logging_mixin.py:104} INFO - [2021-05-17 17:58:52,326] {dag.py:1818} INFO - Sync 1 DAGs
[2021-05-17 17:58:52,337] {logging_mixin.py:104} INFO - [2021-05-17 17:58:52,337] {dag.py:2273} INFO - Setting next_dagrun for latest_only to 2021-05-15 00:00:00+00:00
[2021-05-17 17:58:52,541] {scheduler_job.py:190} INFO - Processing /home/airflow/.local/lib/python3.6/site-packages/airflow/example_dags/example_latest_only.py took 0.240 seconds
[2021-05-17 17:59:23,470] {scheduler_job.py:182} INFO - Started process (PID=179) to work on /home/airflow/.local/lib/python3.6/site-packages/airflow/example_dags/example_latest_only.py
[2021-05-17 17:59:23,471] {scheduler_job.py:629} INFO - Processing file /home/airflow/.local/lib/python3.6/site-packages/airflow/example_dags/example_latest_only.py for tasks to queue
[2021-05-17 17:59:23,471] {logging_mixin.py:104} INFO - [2021-05-17 17:59:23,471] {dagbag.py:448} INFO - Filling up the DagBag from /home/airflow/.local/lib/python3.6/site-packages/airflow/example_dags/example_latest_only.py
[2021-05-17 17:59:23,479] {scheduler_job.py:639} INFO - DAG(s) dict_keys(['latest_only']) retrieved from /home/airflow/.local/lib/python3.6/site-packages/airflow/example_dags/example_latest_only.py
[2021-05-17 17:59:23,492] {logging_mixin.py:104} INFO - [2021-05-17 17:59:23,492] {dag.py:1818} INFO - Sync 1 DAGs
[2021-05-17 17:59:23,502] {logging_mixin.py:104} INFO - [2021-05-17 17:59:23,502] {dag.py:2273} INFO - Setting next_dagrun for latest_only to 2021-05-15 00:00:00+00:00
[2021-05-17 17:59:23,520] {scheduler_job.py:190} INFO - Processing /home/airflow/.local/lib/python3.6/site-packages/airflow/example_dags/example_latest_only.py took 0.052 seconds
[2021-05-17 17:59:54,927] {scheduler_job.py:182} INFO - Started process (PID=211) to work on /home/airflow/.local/lib/python3.6/site-packages/airflow/example_dags/example_latest_only.py
[2021-05-17 17:59:54,928] {scheduler_job.py:629} INFO - Processing file /home/airflow/.local/lib/python3.6/site-packages/airflow/example_dags/example_latest_only.py for tasks to queue
[2021-05-17 17:59:54,928] {logging_mixin.py:104} INFO - [2021-05-17 17:59:54,928] {dagbag.py:448} INFO - Filling up the DagBag from /home/airflow/.local/lib/python3.6/site-packages/airflow/example_dags/example_latest_only.py
[2021-05-17 17:59:54,934] {scheduler_job.py:639} INFO - DAG(s) dict_keys(['latest_only']) retrieved from /home/airflow/.local/lib/python3.6/site-packages/airflow/example_dags/example_latest_only.py
[2021-05-17 17:59:54,948] {logging_mixin.py:104} INFO - [2021-05-17 17:59:54,947] {dag.py:1818} INFO - Sync 1 DAGs
[2021-05-17 17:59:54,957] {logging_mixin.py:104} INFO - [2021-05-17 17:59:54,957] {dag.py:2273} INFO - Setting next_dagrun for latest_only to 2021-05-15 00:00:00+00:00
[2021-05-17 17:59:55,351] {scheduler_job.py:190} INFO - Processing /home/airflow/.local/lib/python3.6/site-packages/airflow/example_dags/example_latest_only.py took 0.426 seconds
