[2021-05-17 17:57:15,910] {scheduler_job.py:182} INFO - Started process (PID=35) to work on /home/airflow/.local/lib/python3.6/site-packages/airflow/example_dags/example_kubernetes_executor_config.py
[2021-05-17 17:57:15,911] {scheduler_job.py:629} INFO - Processing file /home/airflow/.local/lib/python3.6/site-packages/airflow/example_dags/example_kubernetes_executor_config.py for tasks to queue
[2021-05-17 17:57:15,912] {logging_mixin.py:104} INFO - [2021-05-17 17:57:15,912] {dagbag.py:448} INFO - Filling up the DagBag from /home/airflow/.local/lib/python3.6/site-packages/airflow/example_dags/example_kubernetes_executor_config.py
[2021-05-17 17:57:15,922] {scheduler_job.py:639} INFO - DAG(s) dict_keys(['example_kubernetes_executor_config']) retrieved from /home/airflow/.local/lib/python3.6/site-packages/airflow/example_dags/example_kubernetes_executor_config.py
[2021-05-17 17:57:15,941] {logging_mixin.py:104} INFO - [2021-05-17 17:57:15,940] {dag.py:1818} INFO - Sync 1 DAGs
[2021-05-17 17:57:15,948] {logging_mixin.py:104} INFO - [2021-05-17 17:57:15,948] {dag.py:1837} INFO - Creating ORM DAG for example_kubernetes_executor_config
[2021-05-17 17:57:15,951] {logging_mixin.py:104} INFO - [2021-05-17 17:57:15,951] {dag.py:2273} INFO - Setting next_dagrun for example_kubernetes_executor_config to None
[2021-05-17 17:57:16,146] {scheduler_job.py:190} INFO - Processing /home/airflow/.local/lib/python3.6/site-packages/airflow/example_dags/example_kubernetes_executor_config.py took 0.238 seconds
[2021-05-17 17:57:46,257] {scheduler_job.py:182} INFO - Started process (PID=66) to work on /home/airflow/.local/lib/python3.6/site-packages/airflow/example_dags/example_kubernetes_executor_config.py
[2021-05-17 17:57:46,258] {scheduler_job.py:629} INFO - Processing file /home/airflow/.local/lib/python3.6/site-packages/airflow/example_dags/example_kubernetes_executor_config.py for tasks to queue
[2021-05-17 17:57:46,258] {logging_mixin.py:104} INFO - [2021-05-17 17:57:46,258] {dagbag.py:448} INFO - Filling up the DagBag from /home/airflow/.local/lib/python3.6/site-packages/airflow/example_dags/example_kubernetes_executor_config.py
[2021-05-17 17:57:46,267] {scheduler_job.py:639} INFO - DAG(s) dict_keys(['example_kubernetes_executor_config']) retrieved from /home/airflow/.local/lib/python3.6/site-packages/airflow/example_dags/example_kubernetes_executor_config.py
[2021-05-17 17:57:46,282] {logging_mixin.py:104} INFO - [2021-05-17 17:57:46,282] {dag.py:1818} INFO - Sync 1 DAGs
[2021-05-17 17:57:46,291] {logging_mixin.py:104} INFO - [2021-05-17 17:57:46,291] {dag.py:2273} INFO - Setting next_dagrun for example_kubernetes_executor_config to None
[2021-05-17 17:57:46,317] {scheduler_job.py:190} INFO - Processing /home/airflow/.local/lib/python3.6/site-packages/airflow/example_dags/example_kubernetes_executor_config.py took 0.062 seconds
[2021-05-17 17:58:16,809] {scheduler_job.py:182} INFO - Started process (PID=98) to work on /home/airflow/.local/lib/python3.6/site-packages/airflow/example_dags/example_kubernetes_executor_config.py
[2021-05-17 17:58:16,809] {scheduler_job.py:629} INFO - Processing file /home/airflow/.local/lib/python3.6/site-packages/airflow/example_dags/example_kubernetes_executor_config.py for tasks to queue
[2021-05-17 17:58:16,810] {logging_mixin.py:104} INFO - [2021-05-17 17:58:16,810] {dagbag.py:448} INFO - Filling up the DagBag from /home/airflow/.local/lib/python3.6/site-packages/airflow/example_dags/example_kubernetes_executor_config.py
[2021-05-17 17:58:16,818] {scheduler_job.py:639} INFO - DAG(s) dict_keys(['example_kubernetes_executor_config']) retrieved from /home/airflow/.local/lib/python3.6/site-packages/airflow/example_dags/example_kubernetes_executor_config.py
[2021-05-17 17:58:16,832] {logging_mixin.py:104} INFO - [2021-05-17 17:58:16,832] {dag.py:1818} INFO - Sync 1 DAGs
[2021-05-17 17:58:16,842] {logging_mixin.py:104} INFO - [2021-05-17 17:58:16,841] {dag.py:2273} INFO - Setting next_dagrun for example_kubernetes_executor_config to None
[2021-05-17 17:58:17,505] {scheduler_job.py:190} INFO - Processing /home/airflow/.local/lib/python3.6/site-packages/airflow/example_dags/example_kubernetes_executor_config.py took 0.698 seconds
[2021-05-17 17:58:47,578] {scheduler_job.py:182} INFO - Started process (PID=131) to work on /home/airflow/.local/lib/python3.6/site-packages/airflow/example_dags/example_kubernetes_executor_config.py
[2021-05-17 17:58:47,579] {scheduler_job.py:629} INFO - Processing file /home/airflow/.local/lib/python3.6/site-packages/airflow/example_dags/example_kubernetes_executor_config.py for tasks to queue
[2021-05-17 17:58:47,579] {logging_mixin.py:104} INFO - [2021-05-17 17:58:47,579] {dagbag.py:448} INFO - Filling up the DagBag from /home/airflow/.local/lib/python3.6/site-packages/airflow/example_dags/example_kubernetes_executor_config.py
[2021-05-17 17:58:47,588] {scheduler_job.py:639} INFO - DAG(s) dict_keys(['example_kubernetes_executor_config']) retrieved from /home/airflow/.local/lib/python3.6/site-packages/airflow/example_dags/example_kubernetes_executor_config.py
[2021-05-17 17:58:47,603] {logging_mixin.py:104} INFO - [2021-05-17 17:58:47,603] {dag.py:1818} INFO - Sync 1 DAGs
[2021-05-17 17:58:47,612] {logging_mixin.py:104} INFO - [2021-05-17 17:58:47,612] {dag.py:2273} INFO - Setting next_dagrun for example_kubernetes_executor_config to None
[2021-05-17 17:58:47,813] {scheduler_job.py:190} INFO - Processing /home/airflow/.local/lib/python3.6/site-packages/airflow/example_dags/example_kubernetes_executor_config.py took 0.237 seconds
[2021-05-17 17:59:18,352] {scheduler_job.py:182} INFO - Started process (PID=163) to work on /home/airflow/.local/lib/python3.6/site-packages/airflow/example_dags/example_kubernetes_executor_config.py
[2021-05-17 17:59:18,353] {scheduler_job.py:629} INFO - Processing file /home/airflow/.local/lib/python3.6/site-packages/airflow/example_dags/example_kubernetes_executor_config.py for tasks to queue
[2021-05-17 17:59:18,353] {logging_mixin.py:104} INFO - [2021-05-17 17:59:18,353] {dagbag.py:448} INFO - Filling up the DagBag from /home/airflow/.local/lib/python3.6/site-packages/airflow/example_dags/example_kubernetes_executor_config.py
[2021-05-17 17:59:18,366] {scheduler_job.py:639} INFO - DAG(s) dict_keys(['example_kubernetes_executor_config']) retrieved from /home/airflow/.local/lib/python3.6/site-packages/airflow/example_dags/example_kubernetes_executor_config.py
[2021-05-17 17:59:18,387] {logging_mixin.py:104} INFO - [2021-05-17 17:59:18,387] {dag.py:1818} INFO - Sync 1 DAGs
[2021-05-17 17:59:18,401] {logging_mixin.py:104} INFO - [2021-05-17 17:59:18,401] {dag.py:2273} INFO - Setting next_dagrun for example_kubernetes_executor_config to None
[2021-05-17 17:59:18,604] {scheduler_job.py:190} INFO - Processing /home/airflow/.local/lib/python3.6/site-packages/airflow/example_dags/example_kubernetes_executor_config.py took 0.255 seconds
[2021-05-17 17:59:49,240] {scheduler_job.py:182} INFO - Started process (PID=195) to work on /home/airflow/.local/lib/python3.6/site-packages/airflow/example_dags/example_kubernetes_executor_config.py
[2021-05-17 17:59:49,241] {scheduler_job.py:629} INFO - Processing file /home/airflow/.local/lib/python3.6/site-packages/airflow/example_dags/example_kubernetes_executor_config.py for tasks to queue
[2021-05-17 17:59:49,241] {logging_mixin.py:104} INFO - [2021-05-17 17:59:49,241] {dagbag.py:448} INFO - Filling up the DagBag from /home/airflow/.local/lib/python3.6/site-packages/airflow/example_dags/example_kubernetes_executor_config.py
[2021-05-17 17:59:49,250] {scheduler_job.py:639} INFO - DAG(s) dict_keys(['example_kubernetes_executor_config']) retrieved from /home/airflow/.local/lib/python3.6/site-packages/airflow/example_dags/example_kubernetes_executor_config.py
[2021-05-17 17:59:49,264] {logging_mixin.py:104} INFO - [2021-05-17 17:59:49,264] {dag.py:1818} INFO - Sync 1 DAGs
[2021-05-17 17:59:49,273] {logging_mixin.py:104} INFO - [2021-05-17 17:59:49,273] {dag.py:2273} INFO - Setting next_dagrun for example_kubernetes_executor_config to None
[2021-05-17 17:59:49,416] {scheduler_job.py:190} INFO - Processing /home/airflow/.local/lib/python3.6/site-packages/airflow/example_dags/example_kubernetes_executor_config.py took 0.179 seconds
