[2021-05-17 17:57:20,686] {scheduler_job.py:182} INFO - Started process (PID=51) to work on /home/airflow/.local/lib/python3.6/site-packages/airflow/example_dags/example_trigger_controller_dag.py
[2021-05-17 17:57:20,688] {scheduler_job.py:629} INFO - Processing file /home/airflow/.local/lib/python3.6/site-packages/airflow/example_dags/example_trigger_controller_dag.py for tasks to queue
[2021-05-17 17:57:20,689] {logging_mixin.py:104} INFO - [2021-05-17 17:57:20,689] {dagbag.py:448} INFO - Filling up the DagBag from /home/airflow/.local/lib/python3.6/site-packages/airflow/example_dags/example_trigger_controller_dag.py
[2021-05-17 17:57:20,705] {scheduler_job.py:639} INFO - DAG(s) dict_keys(['example_trigger_controller_dag']) retrieved from /home/airflow/.local/lib/python3.6/site-packages/airflow/example_dags/example_trigger_controller_dag.py
[2021-05-17 17:57:20,723] {logging_mixin.py:104} INFO - [2021-05-17 17:57:20,723] {dag.py:1818} INFO - Sync 1 DAGs
[2021-05-17 17:57:20,729] {logging_mixin.py:104} INFO - [2021-05-17 17:57:20,729] {dag.py:1837} INFO - Creating ORM DAG for example_trigger_controller_dag
[2021-05-17 17:57:20,733] {logging_mixin.py:104} INFO - [2021-05-17 17:57:20,733] {dag.py:2273} INFO - Setting next_dagrun for example_trigger_controller_dag to 2021-05-15 00:00:00+00:00
[2021-05-17 17:57:21,038] {scheduler_job.py:190} INFO - Processing /home/airflow/.local/lib/python3.6/site-packages/airflow/example_dags/example_trigger_controller_dag.py took 0.359 seconds
[2021-05-17 17:57:51,761] {scheduler_job.py:182} INFO - Started process (PID=84) to work on /home/airflow/.local/lib/python3.6/site-packages/airflow/example_dags/example_trigger_controller_dag.py
[2021-05-17 17:57:51,763] {scheduler_job.py:629} INFO - Processing file /home/airflow/.local/lib/python3.6/site-packages/airflow/example_dags/example_trigger_controller_dag.py for tasks to queue
[2021-05-17 17:57:51,765] {logging_mixin.py:104} INFO - [2021-05-17 17:57:51,764] {dagbag.py:448} INFO - Filling up the DagBag from /home/airflow/.local/lib/python3.6/site-packages/airflow/example_dags/example_trigger_controller_dag.py
[2021-05-17 17:57:51,784] {scheduler_job.py:639} INFO - DAG(s) dict_keys(['example_trigger_controller_dag']) retrieved from /home/airflow/.local/lib/python3.6/site-packages/airflow/example_dags/example_trigger_controller_dag.py
[2021-05-17 17:57:51,802] {logging_mixin.py:104} INFO - [2021-05-17 17:57:51,802] {dag.py:1818} INFO - Sync 1 DAGs
[2021-05-17 17:57:51,814] {logging_mixin.py:104} INFO - [2021-05-17 17:57:51,814] {dag.py:2273} INFO - Setting next_dagrun for example_trigger_controller_dag to 2021-05-15 00:00:00+00:00
[2021-05-17 17:57:52,103] {scheduler_job.py:190} INFO - Processing /home/airflow/.local/lib/python3.6/site-packages/airflow/example_dags/example_trigger_controller_dag.py took 0.350 seconds
[2021-05-17 17:58:22,198] {scheduler_job.py:182} INFO - Started process (PID=116) to work on /home/airflow/.local/lib/python3.6/site-packages/airflow/example_dags/example_trigger_controller_dag.py
[2021-05-17 17:58:22,200] {scheduler_job.py:629} INFO - Processing file /home/airflow/.local/lib/python3.6/site-packages/airflow/example_dags/example_trigger_controller_dag.py for tasks to queue
[2021-05-17 17:58:22,202] {logging_mixin.py:104} INFO - [2021-05-17 17:58:22,202] {dagbag.py:448} INFO - Filling up the DagBag from /home/airflow/.local/lib/python3.6/site-packages/airflow/example_dags/example_trigger_controller_dag.py
[2021-05-17 17:58:22,219] {scheduler_job.py:639} INFO - DAG(s) dict_keys(['example_trigger_controller_dag']) retrieved from /home/airflow/.local/lib/python3.6/site-packages/airflow/example_dags/example_trigger_controller_dag.py
[2021-05-17 17:58:22,236] {logging_mixin.py:104} INFO - [2021-05-17 17:58:22,236] {dag.py:1818} INFO - Sync 1 DAGs
[2021-05-17 17:58:22,246] {logging_mixin.py:104} INFO - [2021-05-17 17:58:22,246] {dag.py:2273} INFO - Setting next_dagrun for example_trigger_controller_dag to 2021-05-15 00:00:00+00:00
[2021-05-17 17:58:22,396] {scheduler_job.py:190} INFO - Processing /home/airflow/.local/lib/python3.6/site-packages/airflow/example_dags/example_trigger_controller_dag.py took 0.206 seconds
[2021-05-17 17:58:52,652] {scheduler_job.py:182} INFO - Started process (PID=148) to work on /home/airflow/.local/lib/python3.6/site-packages/airflow/example_dags/example_trigger_controller_dag.py
[2021-05-17 17:58:52,652] {scheduler_job.py:629} INFO - Processing file /home/airflow/.local/lib/python3.6/site-packages/airflow/example_dags/example_trigger_controller_dag.py for tasks to queue
[2021-05-17 17:58:52,653] {logging_mixin.py:104} INFO - [2021-05-17 17:58:52,653] {dagbag.py:448} INFO - Filling up the DagBag from /home/airflow/.local/lib/python3.6/site-packages/airflow/example_dags/example_trigger_controller_dag.py
[2021-05-17 17:58:52,659] {scheduler_job.py:639} INFO - DAG(s) dict_keys(['example_trigger_controller_dag']) retrieved from /home/airflow/.local/lib/python3.6/site-packages/airflow/example_dags/example_trigger_controller_dag.py
[2021-05-17 17:58:52,671] {logging_mixin.py:104} INFO - [2021-05-17 17:58:52,671] {dag.py:1818} INFO - Sync 1 DAGs
[2021-05-17 17:58:52,680] {logging_mixin.py:104} INFO - [2021-05-17 17:58:52,680] {dag.py:2273} INFO - Setting next_dagrun for example_trigger_controller_dag to 2021-05-15 00:00:00+00:00
[2021-05-17 17:58:52,886] {scheduler_job.py:190} INFO - Processing /home/airflow/.local/lib/python3.6/site-packages/airflow/example_dags/example_trigger_controller_dag.py took 0.236 seconds
[2021-05-17 17:59:23,485] {scheduler_job.py:182} INFO - Started process (PID=180) to work on /home/airflow/.local/lib/python3.6/site-packages/airflow/example_dags/example_trigger_controller_dag.py
[2021-05-17 17:59:23,485] {scheduler_job.py:629} INFO - Processing file /home/airflow/.local/lib/python3.6/site-packages/airflow/example_dags/example_trigger_controller_dag.py for tasks to queue
[2021-05-17 17:59:23,486] {logging_mixin.py:104} INFO - [2021-05-17 17:59:23,486] {dagbag.py:448} INFO - Filling up the DagBag from /home/airflow/.local/lib/python3.6/site-packages/airflow/example_dags/example_trigger_controller_dag.py
[2021-05-17 17:59:23,492] {scheduler_job.py:639} INFO - DAG(s) dict_keys(['example_trigger_controller_dag']) retrieved from /home/airflow/.local/lib/python3.6/site-packages/airflow/example_dags/example_trigger_controller_dag.py
[2021-05-17 17:59:23,505] {logging_mixin.py:104} INFO - [2021-05-17 17:59:23,505] {dag.py:1818} INFO - Sync 1 DAGs
[2021-05-17 17:59:23,514] {logging_mixin.py:104} INFO - [2021-05-17 17:59:23,514] {dag.py:2273} INFO - Setting next_dagrun for example_trigger_controller_dag to 2021-05-15 00:00:00+00:00
[2021-05-17 17:59:23,533] {scheduler_job.py:190} INFO - Processing /home/airflow/.local/lib/python3.6/site-packages/airflow/example_dags/example_trigger_controller_dag.py took 0.050 seconds
[2021-05-17 17:59:55,271] {scheduler_job.py:182} INFO - Started process (PID=212) to work on /home/airflow/.local/lib/python3.6/site-packages/airflow/example_dags/example_trigger_controller_dag.py
[2021-05-17 17:59:55,274] {scheduler_job.py:629} INFO - Processing file /home/airflow/.local/lib/python3.6/site-packages/airflow/example_dags/example_trigger_controller_dag.py for tasks to queue
[2021-05-17 17:59:55,275] {logging_mixin.py:104} INFO - [2021-05-17 17:59:55,275] {dagbag.py:448} INFO - Filling up the DagBag from /home/airflow/.local/lib/python3.6/site-packages/airflow/example_dags/example_trigger_controller_dag.py
[2021-05-17 17:59:55,294] {scheduler_job.py:639} INFO - DAG(s) dict_keys(['example_trigger_controller_dag']) retrieved from /home/airflow/.local/lib/python3.6/site-packages/airflow/example_dags/example_trigger_controller_dag.py
[2021-05-17 17:59:55,312] {logging_mixin.py:104} INFO - [2021-05-17 17:59:55,312] {dag.py:1818} INFO - Sync 1 DAGs
[2021-05-17 17:59:55,322] {logging_mixin.py:104} INFO - [2021-05-17 17:59:55,322] {dag.py:2273} INFO - Setting next_dagrun for example_trigger_controller_dag to 2021-05-15 00:00:00+00:00
[2021-05-17 17:59:55,603] {scheduler_job.py:190} INFO - Processing /home/airflow/.local/lib/python3.6/site-packages/airflow/example_dags/example_trigger_controller_dag.py took 0.340 seconds
