[2021-05-17 17:57:14,905] {scheduler_job.py:182} INFO - Started process (PID=32) to work on /home/airflow/.local/lib/python3.6/site-packages/airflow/example_dags/example_nested_branch_dag.py
[2021-05-17 17:57:14,906] {scheduler_job.py:629} INFO - Processing file /home/airflow/.local/lib/python3.6/site-packages/airflow/example_dags/example_nested_branch_dag.py for tasks to queue
[2021-05-17 17:57:14,906] {logging_mixin.py:104} INFO - [2021-05-17 17:57:14,906] {dagbag.py:448} INFO - Filling up the DagBag from /home/airflow/.local/lib/python3.6/site-packages/airflow/example_dags/example_nested_branch_dag.py
[2021-05-17 17:57:14,922] {scheduler_job.py:639} INFO - DAG(s) dict_keys(['example_nested_branch_dag']) retrieved from /home/airflow/.local/lib/python3.6/site-packages/airflow/example_dags/example_nested_branch_dag.py
[2021-05-17 17:57:14,936] {logging_mixin.py:104} INFO - [2021-05-17 17:57:14,936] {dag.py:1818} INFO - Sync 1 DAGs
[2021-05-17 17:57:14,943] {logging_mixin.py:104} INFO - [2021-05-17 17:57:14,943] {dag.py:1837} INFO - Creating ORM DAG for example_nested_branch_dag
[2021-05-17 17:57:14,951] {logging_mixin.py:104} INFO - [2021-05-17 17:57:14,951] {dag.py:2273} INFO - Setting next_dagrun for example_nested_branch_dag to 2021-05-15 00:00:00+00:00
[2021-05-17 17:57:15,100] {scheduler_job.py:190} INFO - Processing /home/airflow/.local/lib/python3.6/site-packages/airflow/example_dags/example_nested_branch_dag.py took 0.197 seconds
[2021-05-17 17:57:45,164] {scheduler_job.py:182} INFO - Started process (PID=64) to work on /home/airflow/.local/lib/python3.6/site-packages/airflow/example_dags/example_nested_branch_dag.py
[2021-05-17 17:57:45,166] {scheduler_job.py:629} INFO - Processing file /home/airflow/.local/lib/python3.6/site-packages/airflow/example_dags/example_nested_branch_dag.py for tasks to queue
[2021-05-17 17:57:45,167] {logging_mixin.py:104} INFO - [2021-05-17 17:57:45,167] {dagbag.py:448} INFO - Filling up the DagBag from /home/airflow/.local/lib/python3.6/site-packages/airflow/example_dags/example_nested_branch_dag.py
[2021-05-17 17:57:45,185] {scheduler_job.py:639} INFO - DAG(s) dict_keys(['example_nested_branch_dag']) retrieved from /home/airflow/.local/lib/python3.6/site-packages/airflow/example_dags/example_nested_branch_dag.py
[2021-05-17 17:57:45,201] {logging_mixin.py:104} INFO - [2021-05-17 17:57:45,201] {dag.py:1818} INFO - Sync 1 DAGs
[2021-05-17 17:57:45,217] {logging_mixin.py:104} INFO - [2021-05-17 17:57:45,217] {dag.py:2273} INFO - Setting next_dagrun for example_nested_branch_dag to 2021-05-15 00:00:00+00:00
[2021-05-17 17:57:45,248] {scheduler_job.py:190} INFO - Processing /home/airflow/.local/lib/python3.6/site-packages/airflow/example_dags/example_nested_branch_dag.py took 0.089 seconds
[2021-05-17 17:58:15,496] {scheduler_job.py:182} INFO - Started process (PID=96) to work on /home/airflow/.local/lib/python3.6/site-packages/airflow/example_dags/example_nested_branch_dag.py
[2021-05-17 17:58:15,497] {scheduler_job.py:629} INFO - Processing file /home/airflow/.local/lib/python3.6/site-packages/airflow/example_dags/example_nested_branch_dag.py for tasks to queue
[2021-05-17 17:58:15,497] {logging_mixin.py:104} INFO - [2021-05-17 17:58:15,497] {dagbag.py:448} INFO - Filling up the DagBag from /home/airflow/.local/lib/python3.6/site-packages/airflow/example_dags/example_nested_branch_dag.py
[2021-05-17 17:58:15,509] {scheduler_job.py:639} INFO - DAG(s) dict_keys(['example_nested_branch_dag']) retrieved from /home/airflow/.local/lib/python3.6/site-packages/airflow/example_dags/example_nested_branch_dag.py
[2021-05-17 17:58:15,598] {logging_mixin.py:104} INFO - [2021-05-17 17:58:15,598] {dag.py:1818} INFO - Sync 1 DAGs
[2021-05-17 17:58:15,621] {logging_mixin.py:104} INFO - [2021-05-17 17:58:15,621] {dag.py:2273} INFO - Setting next_dagrun for example_nested_branch_dag to 2021-05-15 00:00:00+00:00
[2021-05-17 17:58:16,579] {scheduler_job.py:190} INFO - Processing /home/airflow/.local/lib/python3.6/site-packages/airflow/example_dags/example_nested_branch_dag.py took 1.085 seconds
[2021-05-17 17:58:46,670] {scheduler_job.py:182} INFO - Started process (PID=127) to work on /home/airflow/.local/lib/python3.6/site-packages/airflow/example_dags/example_nested_branch_dag.py
[2021-05-17 17:58:46,671] {scheduler_job.py:629} INFO - Processing file /home/airflow/.local/lib/python3.6/site-packages/airflow/example_dags/example_nested_branch_dag.py for tasks to queue
[2021-05-17 17:58:46,671] {logging_mixin.py:104} INFO - [2021-05-17 17:58:46,671] {dagbag.py:448} INFO - Filling up the DagBag from /home/airflow/.local/lib/python3.6/site-packages/airflow/example_dags/example_nested_branch_dag.py
[2021-05-17 17:58:46,680] {scheduler_job.py:639} INFO - DAG(s) dict_keys(['example_nested_branch_dag']) retrieved from /home/airflow/.local/lib/python3.6/site-packages/airflow/example_dags/example_nested_branch_dag.py
[2021-05-17 17:58:46,694] {logging_mixin.py:104} INFO - [2021-05-17 17:58:46,693] {dag.py:1818} INFO - Sync 1 DAGs
[2021-05-17 17:58:46,707] {logging_mixin.py:104} INFO - [2021-05-17 17:58:46,707] {dag.py:2273} INFO - Setting next_dagrun for example_nested_branch_dag to 2021-05-15 00:00:00+00:00
[2021-05-17 17:58:46,950] {scheduler_job.py:190} INFO - Processing /home/airflow/.local/lib/python3.6/site-packages/airflow/example_dags/example_nested_branch_dag.py took 0.282 seconds
[2021-05-17 17:59:17,414] {scheduler_job.py:182} INFO - Started process (PID=160) to work on /home/airflow/.local/lib/python3.6/site-packages/airflow/example_dags/example_nested_branch_dag.py
[2021-05-17 17:59:17,414] {scheduler_job.py:629} INFO - Processing file /home/airflow/.local/lib/python3.6/site-packages/airflow/example_dags/example_nested_branch_dag.py for tasks to queue
[2021-05-17 17:59:17,415] {logging_mixin.py:104} INFO - [2021-05-17 17:59:17,415] {dagbag.py:448} INFO - Filling up the DagBag from /home/airflow/.local/lib/python3.6/site-packages/airflow/example_dags/example_nested_branch_dag.py
[2021-05-17 17:59:17,424] {scheduler_job.py:639} INFO - DAG(s) dict_keys(['example_nested_branch_dag']) retrieved from /home/airflow/.local/lib/python3.6/site-packages/airflow/example_dags/example_nested_branch_dag.py
[2021-05-17 17:59:17,438] {logging_mixin.py:104} INFO - [2021-05-17 17:59:17,438] {dag.py:1818} INFO - Sync 1 DAGs
[2021-05-17 17:59:17,452] {logging_mixin.py:104} INFO - [2021-05-17 17:59:17,452] {dag.py:2273} INFO - Setting next_dagrun for example_nested_branch_dag to 2021-05-15 00:00:00+00:00
[2021-05-17 17:59:18,099] {scheduler_job.py:190} INFO - Processing /home/airflow/.local/lib/python3.6/site-packages/airflow/example_dags/example_nested_branch_dag.py took 0.687 seconds
[2021-05-17 17:59:49,437] {scheduler_job.py:182} INFO - Started process (PID=196) to work on /home/airflow/.local/lib/python3.6/site-packages/airflow/example_dags/example_nested_branch_dag.py
[2021-05-17 17:59:49,439] {scheduler_job.py:629} INFO - Processing file /home/airflow/.local/lib/python3.6/site-packages/airflow/example_dags/example_nested_branch_dag.py for tasks to queue
[2021-05-17 17:59:49,440] {logging_mixin.py:104} INFO - [2021-05-17 17:59:49,440] {dagbag.py:448} INFO - Filling up the DagBag from /home/airflow/.local/lib/python3.6/site-packages/airflow/example_dags/example_nested_branch_dag.py
[2021-05-17 17:59:49,456] {scheduler_job.py:639} INFO - DAG(s) dict_keys(['example_nested_branch_dag']) retrieved from /home/airflow/.local/lib/python3.6/site-packages/airflow/example_dags/example_nested_branch_dag.py
[2021-05-17 17:59:49,472] {logging_mixin.py:104} INFO - [2021-05-17 17:59:49,471] {dag.py:1818} INFO - Sync 1 DAGs
[2021-05-17 17:59:49,486] {logging_mixin.py:104} INFO - [2021-05-17 17:59:49,486] {dag.py:2273} INFO - Setting next_dagrun for example_nested_branch_dag to 2021-05-15 00:00:00+00:00
[2021-05-17 17:59:49,656] {scheduler_job.py:190} INFO - Processing /home/airflow/.local/lib/python3.6/site-packages/airflow/example_dags/example_nested_branch_dag.py took 0.224 seconds
