[2021-05-17 17:57:20,691] {scheduler_job.py:182} INFO - Started process (PID=52) to work on /home/airflow/.local/lib/python3.6/site-packages/airflow/example_dags/example_dag_decorator.py
[2021-05-17 17:57:20,693] {scheduler_job.py:629} INFO - Processing file /home/airflow/.local/lib/python3.6/site-packages/airflow/example_dags/example_dag_decorator.py for tasks to queue
[2021-05-17 17:57:20,694] {logging_mixin.py:104} INFO - [2021-05-17 17:57:20,694] {dagbag.py:448} INFO - Filling up the DagBag from /home/airflow/.local/lib/python3.6/site-packages/airflow/example_dags/example_dag_decorator.py
[2021-05-17 17:57:20,716] {scheduler_job.py:639} INFO - DAG(s) dict_keys(['example_dag_decorator']) retrieved from /home/airflow/.local/lib/python3.6/site-packages/airflow/example_dags/example_dag_decorator.py
[2021-05-17 17:57:20,731] {logging_mixin.py:104} INFO - [2021-05-17 17:57:20,731] {dag.py:1818} INFO - Sync 1 DAGs
[2021-05-17 17:57:20,737] {logging_mixin.py:104} INFO - [2021-05-17 17:57:20,737] {dag.py:1837} INFO - Creating ORM DAG for example_dag_decorator
[2021-05-17 17:57:20,741] {logging_mixin.py:104} INFO - [2021-05-17 17:57:20,741] {dag.py:2273} INFO - Setting next_dagrun for example_dag_decorator to None
[2021-05-17 17:57:21,038] {scheduler_job.py:190} INFO - Processing /home/airflow/.local/lib/python3.6/site-packages/airflow/example_dags/example_dag_decorator.py took 0.353 seconds
[2021-05-17 17:57:51,370] {scheduler_job.py:182} INFO - Started process (PID=82) to work on /home/airflow/.local/lib/python3.6/site-packages/airflow/example_dags/example_dag_decorator.py
[2021-05-17 17:57:51,371] {scheduler_job.py:629} INFO - Processing file /home/airflow/.local/lib/python3.6/site-packages/airflow/example_dags/example_dag_decorator.py for tasks to queue
[2021-05-17 17:57:51,371] {logging_mixin.py:104} INFO - [2021-05-17 17:57:51,371] {dagbag.py:448} INFO - Filling up the DagBag from /home/airflow/.local/lib/python3.6/site-packages/airflow/example_dags/example_dag_decorator.py
[2021-05-17 17:57:51,381] {scheduler_job.py:639} INFO - DAG(s) dict_keys(['example_dag_decorator']) retrieved from /home/airflow/.local/lib/python3.6/site-packages/airflow/example_dags/example_dag_decorator.py
[2021-05-17 17:57:51,398] {logging_mixin.py:104} INFO - [2021-05-17 17:57:51,398] {dag.py:1818} INFO - Sync 1 DAGs
[2021-05-17 17:57:51,407] {logging_mixin.py:104} INFO - [2021-05-17 17:57:51,407] {dag.py:2273} INFO - Setting next_dagrun for example_dag_decorator to None
[2021-05-17 17:57:51,727] {scheduler_job.py:190} INFO - Processing /home/airflow/.local/lib/python3.6/site-packages/airflow/example_dags/example_dag_decorator.py took 0.359 seconds
[2021-05-17 17:58:22,015] {scheduler_job.py:182} INFO - Started process (PID=114) to work on /home/airflow/.local/lib/python3.6/site-packages/airflow/example_dags/example_dag_decorator.py
[2021-05-17 17:58:22,015] {scheduler_job.py:629} INFO - Processing file /home/airflow/.local/lib/python3.6/site-packages/airflow/example_dags/example_dag_decorator.py for tasks to queue
[2021-05-17 17:58:22,016] {logging_mixin.py:104} INFO - [2021-05-17 17:58:22,016] {dagbag.py:448} INFO - Filling up the DagBag from /home/airflow/.local/lib/python3.6/site-packages/airflow/example_dags/example_dag_decorator.py
[2021-05-17 17:58:22,025] {scheduler_job.py:639} INFO - DAG(s) dict_keys(['example_dag_decorator']) retrieved from /home/airflow/.local/lib/python3.6/site-packages/airflow/example_dags/example_dag_decorator.py
[2021-05-17 17:58:22,041] {logging_mixin.py:104} INFO - [2021-05-17 17:58:22,041] {dag.py:1818} INFO - Sync 1 DAGs
[2021-05-17 17:58:22,050] {logging_mixin.py:104} INFO - [2021-05-17 17:58:22,050] {dag.py:2273} INFO - Setting next_dagrun for example_dag_decorator to None
[2021-05-17 17:58:22,167] {scheduler_job.py:190} INFO - Processing /home/airflow/.local/lib/python3.6/site-packages/airflow/example_dags/example_dag_decorator.py took 0.154 seconds
[2021-05-17 17:58:52,423] {scheduler_job.py:182} INFO - Started process (PID=146) to work on /home/airflow/.local/lib/python3.6/site-packages/airflow/example_dags/example_dag_decorator.py
[2021-05-17 17:58:52,424] {scheduler_job.py:629} INFO - Processing file /home/airflow/.local/lib/python3.6/site-packages/airflow/example_dags/example_dag_decorator.py for tasks to queue
[2021-05-17 17:58:52,424] {logging_mixin.py:104} INFO - [2021-05-17 17:58:52,424] {dagbag.py:448} INFO - Filling up the DagBag from /home/airflow/.local/lib/python3.6/site-packages/airflow/example_dags/example_dag_decorator.py
[2021-05-17 17:58:52,434] {scheduler_job.py:639} INFO - DAG(s) dict_keys(['example_dag_decorator']) retrieved from /home/airflow/.local/lib/python3.6/site-packages/airflow/example_dags/example_dag_decorator.py
[2021-05-17 17:58:52,450] {logging_mixin.py:104} INFO - [2021-05-17 17:58:52,449] {dag.py:1818} INFO - Sync 1 DAGs
[2021-05-17 17:58:52,460] {logging_mixin.py:104} INFO - [2021-05-17 17:58:52,459] {dag.py:2273} INFO - Setting next_dagrun for example_dag_decorator to None
[2021-05-17 17:58:52,643] {scheduler_job.py:190} INFO - Processing /home/airflow/.local/lib/python3.6/site-packages/airflow/example_dags/example_dag_decorator.py took 0.222 seconds
[2021-05-17 17:59:23,227] {scheduler_job.py:182} INFO - Started process (PID=175) to work on /home/airflow/.local/lib/python3.6/site-packages/airflow/example_dags/example_dag_decorator.py
[2021-05-17 17:59:23,228] {scheduler_job.py:629} INFO - Processing file /home/airflow/.local/lib/python3.6/site-packages/airflow/example_dags/example_dag_decorator.py for tasks to queue
[2021-05-17 17:59:23,228] {logging_mixin.py:104} INFO - [2021-05-17 17:59:23,228] {dagbag.py:448} INFO - Filling up the DagBag from /home/airflow/.local/lib/python3.6/site-packages/airflow/example_dags/example_dag_decorator.py
[2021-05-17 17:59:23,239] {scheduler_job.py:639} INFO - DAG(s) dict_keys(['example_dag_decorator']) retrieved from /home/airflow/.local/lib/python3.6/site-packages/airflow/example_dags/example_dag_decorator.py
[2021-05-17 17:59:23,254] {logging_mixin.py:104} INFO - [2021-05-17 17:59:23,254] {dag.py:1818} INFO - Sync 1 DAGs
[2021-05-17 17:59:23,264] {logging_mixin.py:104} INFO - [2021-05-17 17:59:23,264] {dag.py:2273} INFO - Setting next_dagrun for example_dag_decorator to None
[2021-05-17 17:59:23,393] {scheduler_job.py:190} INFO - Processing /home/airflow/.local/lib/python3.6/site-packages/airflow/example_dags/example_dag_decorator.py took 0.168 seconds
[2021-05-17 17:59:53,669] {scheduler_job.py:182} INFO - Started process (PID=207) to work on /home/airflow/.local/lib/python3.6/site-packages/airflow/example_dags/example_dag_decorator.py
[2021-05-17 17:59:53,670] {scheduler_job.py:629} INFO - Processing file /home/airflow/.local/lib/python3.6/site-packages/airflow/example_dags/example_dag_decorator.py for tasks to queue
[2021-05-17 17:59:53,670] {logging_mixin.py:104} INFO - [2021-05-17 17:59:53,670] {dagbag.py:448} INFO - Filling up the DagBag from /home/airflow/.local/lib/python3.6/site-packages/airflow/example_dags/example_dag_decorator.py
[2021-05-17 17:59:53,680] {scheduler_job.py:639} INFO - DAG(s) dict_keys(['example_dag_decorator']) retrieved from /home/airflow/.local/lib/python3.6/site-packages/airflow/example_dags/example_dag_decorator.py
[2021-05-17 17:59:53,695] {logging_mixin.py:104} INFO - [2021-05-17 17:59:53,695] {dag.py:1818} INFO - Sync 1 DAGs
[2021-05-17 17:59:53,704] {logging_mixin.py:104} INFO - [2021-05-17 17:59:53,704] {dag.py:2273} INFO - Setting next_dagrun for example_dag_decorator to None
[2021-05-17 17:59:54,675] {scheduler_job.py:190} INFO - Processing /home/airflow/.local/lib/python3.6/site-packages/airflow/example_dags/example_dag_decorator.py took 1.008 seconds
